CSEARCH - version 0.1 (test version GH/29.12.95)

=> Atoms in search:

0 "C1_Benz_Ni": ( 0.724,  1.287,  6.109) ref: 0 nref: 3 r_min: 0.600
z_par:	1.000 0.000 0.000 0.000 0.000 0.000 0.000 0.000 

1 "C2_Benz_Ni": ( 1.513, -0.058,  6.117) ref: 1 nref: 3 r_min: 0.600
z_par:	0.000 1.000 0.000 0.000 0.000 0.000 0.000 0.000 

2 "C1_Benz_Ni": ( 0.753, -1.271,  6.109) ref: 0 nref: 2 r_min: 0.600
z_par:	1.000 0.000 0.000 0.000 0.000 0.000 0.000 0.000 

3 "C2_Benz_Ni": (-0.806, -1.281,  6.117) ref: 1 nref: 2 r_min: 0.600
z_par:	0.000 1.000 0.000 0.000 0.000 0.000 0.000 0.000 

4 "C1_Benz_Ni": (-1.477, -0.017,  6.109) ref: 0 nref: 1 r_min: 0.600
z_par:	1.000 0.000 0.000 0.000 0.000 0.000 0.000 0.000 

5 "C2_Benz_Ni": (-0.706,  1.339,  6.117) ref: 1 nref: 1 r_min: 0.600
z_par:	0.000 1.000 0.000 0.000 0.000 0.000 0.000 0.000 

6 "Ni_Benz_A1": ( 0.028, -1.472,  4.142) ref: 6 nref: 3 r_min: 1.100
z_par:	0.000 0.000 1.000 0.000 0.000 0.000 0.000 0.000 

7 "Ni_Benz_A1": ( 1.261,  0.760,  4.142) ref: 6 nref: 1 r_min: 1.100
z_par:	0.000 0.000 1.000 0.000 0.000 0.000 0.000 0.000 

8 "Ni_Benz_A1": (-1.289,  0.712,  4.142) ref: 6 nref: 2 r_min: 1.100
z_par:	0.000 0.000 1.000 0.000 0.000 0.000 0.000 0.000 

9 "Ni_Benz_A2": ( 0.018,  2.868,  4.023) ref: 9 nref: 3 r_min: 1.100
z_par:	0.000 0.000 0.000 1.000 0.000 0.000 0.000 0.000 

10 "Ni_Benz_A2": ( 2.475, -1.449,  4.023) ref: 9 nref: 2 r_min: 1.100
z_par:	0.000 0.000 0.000 1.000 0.000 0.000 0.000 0.000 

11 "Ni_Benz_A2": (-2.493, -1.419,  4.023) ref: 9 nref: 1 r_min: 1.100
z_par:	0.000 0.000 0.000 1.000 0.000 0.000 0.000 0.000 

12 "Ni_Benz_A3": (-2.490,  2.875,  3.991) ref: 12 nref: 0 r_min: 1.100
z_par:	0.000 0.000 0.000 0.000 1.000 0.000 0.000 0.000 

13 "Ni_BVH": ( 0.000,  0.000,  2.033) ref: 13 nref: 0 r_min: 0.000
z_par:	0.000 0.000 0.000 0.000 0.000 1.000 0.000 0.000 

14 "Ni_BVH": ( 2.490,  0.000,  2.033) ref: 14 nref: 3 r_min: 0.000
z_par:	0.000 0.000 0.000 0.000 0.000 0.000 1.000 0.000 

15 "Ni_BVH": (-2.490,  0.000,  2.033) ref: 15 nref: 3 r_min: 0.000
z_par:	0.000 0.000 0.000 0.000 0.000 0.000 0.000 1.000 

16 "Ni_BVH": ( 1.245,  2.156,  2.033) ref: 15 nref: 2 r_min: 0.000
z_par:	0.000 0.000 0.000 0.000 0.000 0.000 0.000 1.000 

17 "Ni_BVH": ( 1.245, -2.156,  2.033) ref: 15 nref: 1 r_min: 0.000
z_par:	0.000 0.000 0.000 0.000 0.000 0.000 0.000 1.000 

18 "Ni_BVH": (-1.245, -2.156,  2.033) ref: 14 nref: 2 r_min: 0.000
z_par:	0.000 0.000 0.000 0.000 0.000 0.000 1.000 0.000 

19 "Ni_BVH": (-1.245,  2.156,  2.033) ref: 14 nref: 1 r_min: 0.000
z_par:	0.000 0.000 0.000 0.000 0.000 0.000 1.000 0.000 

=> SIMPLEX SEARCH:

=> Set up vertex:
#  1 par: 0.000 0.000 0.000 0.000 0.000 0.000 0.000 0.000 rf:0.4620 sh: -1.8 rg:0.0000 rt:0.4620  dt: Fri Sep  7 14:36:04 2001
#  2 par: 0.100 0.000 0.000 0.000 0.000 0.000 0.000 0.000 rf:0.5422 sh: -0.8 rg:0.0000 rt:0.5422  dt: Fri Sep  7 14:54:41 2001
#  3 par: 0.000 0.100 0.000 0.000 0.000 0.000 0.000 0.000 rf:0.5899 sh: -0.5 rg:0.0000 rt:0.5899  dt: Fri Sep  7 15:13:20 2001
#  4 par: 0.000 0.000 0.100 0.000 0.000 0.000 0.000 0.000 rf:0.5661 sh: -1.0 rg:0.0000 rt:0.5661  dt: Fri Sep  7 15:32:17 2001
#  5 par: 0.000 0.000 0.000 0.100 0.000 0.000 0.000 0.000 rf:0.6408 sh: -1.0 rg:0.0000 rt:0.6408  dt: Fri Sep  7 15:50:54 2001
#  6 par: 0.000 0.000 0.000 0.000 0.100 0.000 0.000 0.000 rf:0.5942 sh: -0.8 rg:0.0000 rt:0.5942  dt: Fri Sep  7 16:09:45 2001
#  7 par: 0.000 0.000 0.000 0.000 0.000 0.100 0.000 0.000 rf:0.4910 sh: -2.0 rg:0.0000 rt:0.4910  dt: Fri Sep  7 16:30:37 2001
#  8 par: 0.000 0.000 0.000 0.000 0.000 0.000 0.100 0.000 rf:0.6226 sh: -2.0 rg:0.0000 rt:0.6226  dt: Fri Sep  7 16:54:01 2001
#  9 par: 0.000 0.000 0.000 0.000 0.000 0.000 0.000 0.100 rf:0.5880 sh: -2.5 rg:0.0000 rt:0.5880  dt: Fri Sep  7 17:17:25 2001
=> Start search (abs. tolerance = 5.000e-04)
# 10 par: 0.025 0.025 0.025 -0.100 0.025 0.025 0.025 0.025 rf:0.7696 sh: -2.8 rg:0.0000 rt:0.7696  dt: Fri Sep  7 17:36:22 2001
# 11 par: 0.006 0.006 0.006 0.050 0.006 0.006 0.006 0.006 rf:0.5075 sh: -1.0 rg:0.0000 rt:0.5075  dt: Fri Sep  7 17:54:59 2001
# 12 par: 0.027 0.027 0.027 0.013 0.027 0.027 -0.098 0.027 rf:0.5954 sh: 0.0 rg:0.0000 rt:0.5954  dt: Fri Sep  7 18:18:07 2001
# 13 par: 0.020 0.020 0.020 0.009 0.020 0.020 -0.049 0.020 rf:0.5317 sh: -0.5 rg:0.0000 rt:0.5317  dt: Fri Sep  7 18:41:11 2001
# 14 par: 0.032 0.032 0.032 0.015 -0.093 0.032 -0.011 0.032 rf:0.5699 sh: -2.0 rg:0.0000 rt:0.5699  dt: Fri Sep  7 19:04:34 2001
# 15 par: 0.039 -0.086 0.039 0.019 -0.017 0.039 -0.013 0.039 rf:0.5496 sh: -1.2 rg:0.0000 rt:0.5496  dt: Fri Sep  7 19:28:00 2001
# 16 par: 0.049 -0.007 0.049 0.023 -0.021 0.049 -0.017 -0.076 rf:0.6287 sh: -0.5 rg:0.0000 rt:0.6287  dt: Fri Sep  7 19:52:10 2001
# 17 par: 0.012 -0.002 0.012 0.006 -0.005 0.012 -0.004 0.056 rf:0.5152 sh: -2.0 rg:0.0000 rt:0.5152  dt: Fri Sep  7 20:16:20 2001
# 18 par: 0.013 -0.047 0.013 0.006 0.094 0.013 -0.004 -0.001 rf:0.5750 sh: -0.8 rg:0.0000 rt:0.5750  dt: Fri Sep  7 20:40:28 2001
# 19 par: 0.027 0.012 0.027 0.013 -0.046 0.027 -0.009 0.023 rf:0.5049 sh: -1.8 rg:0.0000 rt:0.5049  dt: Fri Sep  7 21:04:36 2001
# 20 par: 0.051 -0.012 -0.074 0.024 -0.011 0.051 -0.017 0.036 rf:0.5871 sh: -1.2 rg:0.0000 rt:0.5871  dt: Fri Sep  7 21:28:47 2001
# 21 par: 0.013 -0.003 0.057 0.006 -0.003 0.013 -0.004 0.009 rf:0.5091 sh: -1.2 rg:0.0000 rt:0.5091  dt: Fri Sep  7 21:52:54 2001
# 22 par: 0.005 0.094 -0.009 0.002 0.010 0.005 -0.002 -0.011 rf:0.5841 sh: -0.5 rg:0.0000 rt:0.5841  dt: Fri Sep  7 22:16:48 2001
# 23 par: 0.031 -0.041 0.027 0.015 -0.010 0.031 -0.010 0.027 rf:0.4993 sh: -1.5 rg:0.0000 rt:0.4993  dt: Fri Sep  7 22:40:55 2001
# 24 par: -0.073 -0.002 0.037 0.025 -0.010 0.052 -0.018 0.035 rf:0.5731 sh: -1.5 rg:0.0000 rt:0.5731  dt: Fri Sep  7 23:05:04 2001
# 25 par: 0.057 -0.000 0.009 0.006 -0.002 0.013 -0.004 0.009 rf:0.4864 sh: -1.2 rg:0.0000 rt:0.4864  dt: Fri Sep  7 23:29:20 2001
# 26 par: 0.017 -0.027 0.015 0.014 -0.035 0.031 0.042 0.013 rf:0.5262 sh: -2.5 rg:0.0000 rt:0.5262  dt: Fri Sep  7 23:53:23 2001
# 27 par: 0.017 -0.015 0.016 0.013 -0.021 0.028 0.020 0.015 rf:0.4938 sh: -2.0 rg:0.0000 rt:0.4938  dt: Sat Sep  8 00:17:26 2001
# 28 par: 0.025 -0.009 0.023 0.020 -0.014 0.042 0.004 -0.034 rf:0.5525 sh: -1.0 rg:0.0000 rt:0.5525  dt: Sat Sep  8 00:41:34 2001
# 29 par: 0.016 -0.003 0.015 0.009 -0.007 0.020 -0.002 0.034 rf:0.4853 sh: -1.8 rg:0.0000 rt:0.4853  dt: Sat Sep  8 01:05:38 2001
# 30 par: 0.026 -0.007 -0.031 0.020 -0.018 0.043 0.004 0.019 rf:0.5082 sh: -1.5 rg:0.0000 rt:0.5082  dt: Sat Sep  8 01:29:51 2001
# 31 par: 0.022 -0.006 -0.009 0.017 -0.014 0.036 0.002 0.017 rf:0.4857 sh: -1.8 rg:0.0000 rt:0.4857  dt: Sat Sep  8 01:53:57 2001
# 32 par: 0.036 -0.020 0.015 -0.032 -0.032 0.057 -0.007 0.025 rf:0.5222 sh: -2.5 rg:0.0000 rt:0.5222  dt: Sat Sep  8 02:17:53 2001
# 33 par: 0.014 -0.000 0.008 0.030 -0.003 0.019 0.003 0.011 rf:0.4794 sh: -1.2 rg:0.0000 rt:0.4794  dt: Sat Sep  8 02:42:00 2001
# 34 par: 0.012 -0.029 -0.010 0.010 0.032 0.035 0.011 0.004 rf:0.4965 sh: -1.5 rg:0.0000 rt:0.4965  dt: Sat Sep  8 03:05:52 2001
# 35 par: 0.004 0.027 -0.020 0.007 0.006 0.032 0.018 -0.005 rf:0.4907 sh: -1.5 rg:0.0000 rt:0.4907  dt: Sat Sep  8 03:29:57 2001
# 36 par: 0.020 0.029 0.015 0.011 -0.042 0.027 -0.002 0.016 rf:0.5027 sh: -1.8 rg:0.0000 rt:0.5027  dt: Sat Sep  8 03:54:09 2001
# 37 par: 0.014 -0.014 -0.004 0.010 0.013 0.033 0.008 0.007 rf:0.4736 sh: -1.8 rg:0.0000 rt:0.4736  dt: Sat Sep  8 04:15:24 2001
# 38 par: 0.014 0.016 -0.016 0.006 0.019 0.035 -0.014 0.004 rf:0.4970 sh: -1.0 rg:0.0000 rt:0.4970  dt: Sat Sep  8 04:39:36 2001
# 39 par: 0.017 -0.007 0.008 0.011 -0.011 0.030 0.011 0.012 rf:0.4752 sh: -2.0 rg:0.0000 rt:0.4752  dt: Sat Sep  8 05:03:41 2001
# 40 par: 0.036 -0.001 0.002 0.022 -0.005 -0.055 0.009 0.021 rf:0.4831 sh: -1.2 rg:0.0000 rt:0.4831  dt: Sat Sep  8 05:27:44 2001
# 41 par: 0.040 -0.035 0.027 0.020 -0.013 -0.008 -0.011 0.032 rf:0.5011 sh: -1.2 rg:0.0000 rt:0.5011  dt: Sat Sep  8 05:51:51 2001
# 42 par: 0.013 0.012 -0.008 0.010 0.001 0.022 0.010 0.005 rf:0.4670 sh: -1.5 rg:0.0000 rt:0.4670  dt: Sat Sep  8 06:15:58 2001
# 43 par: -0.024 -0.005 -0.006 0.021 -0.004 0.013 0.015 0.018 rf:0.4948 sh: -1.8 rg:0.0000 rt:0.4948  dt: Sat Sep  8 06:40:03 2001
# 44 par: 0.037 -0.002 0.005 0.010 -0.003 0.013 0.000 0.011 rf:0.4715 sh: -1.5 rg:0.0000 rt:0.4715  dt: Sat Sep  8 07:04:18 2001
# 45 par: 0.014 0.002 0.016 0.009 0.010 -0.015 0.008 0.008 rf:0.4689 sh: -1.5 rg:0.0000 rt:0.4689  dt: Sat Sep  8 07:28:12 2001
# 46 par: 0.020 0.001 -0.008 0.016 0.008 -0.008 0.014 -0.015 rf:0.4895 sh: -1.2 rg:0.0000 rt:0.4895  dt: Sat Sep  8 07:52:02 2001
# 47 par: 0.017 -0.002 0.009 0.011 -0.004 0.013 0.002 0.021 rf:0.4696 sh: -1.8 rg:0.0000 rt:0.4696  dt: Sat Sep  8 08:16:09 2001
# 48 par: -0.005 -0.002 0.007 0.000 0.006 0.083 0.002 -0.002 rf:0.4874 sh: -2.0 rg:0.0000 rt:0.4874  dt: Sat Sep  8 08:40:07 2001
# 49 par: 0.026 -0.001 0.003 0.017 -0.002 -0.020 0.007 0.015 rf:0.4695 sh: -1.5 rg:0.0000 rt:0.4695  dt: Sat Sep  8 09:04:21 2001
# 50 par: 0.020 -0.003 -0.001 -0.010 0.004 -0.000 0.009 0.009 rf:0.4808 sh: -2.0 rg:0.0000 rt:0.4808  dt: Sat Sep  8 09:24:57 2001
# 51 par: 0.015 -0.001 0.006 0.020 -0.001 0.014 0.004 0.010 rf:0.4691 sh: -1.5 rg:0.0000 rt:0.4691  dt: Sat Sep  8 09:49:11 2001
# 52 par: 0.017 0.006 -0.001 0.010 0.015 -0.015 -0.001 0.008 rf:0.4658 sh: -1.2 rg:0.0000 rt:0.4658  dt: Sat Sep  8 10:13:05 2001
# 53 par: 0.020 0.017 0.012 0.012 -0.009 -0.030 -0.000 0.012 rf:0.4696 sh: -1.2 rg:0.0000 rt:0.4696  dt: Sat Sep  8 10:37:09 2001
# 54 par: -0.006 0.010 0.004 0.012 0.005 -0.021 0.007 0.009 rf:0.4676 sh: -1.5 rg:0.0000 rt:0.4676  dt: Sat Sep  8 11:00:57 2001
# 55 par: 0.008 0.013 -0.001 0.011 0.008 -0.029 0.007 -0.005 rf:0.4708 sh: -1.2 rg:0.0000 rt:0.4708  dt: Sat Sep  8 11:24:53 2001
# 56 par: 0.015 0.002 0.007 0.011 -0.001 0.002 0.003 0.015 rf:0.4634 sh: -1.5 rg:0.0000 rt:0.4634  dt: Sat Sep  8 11:49:07 2001
# 57 par: 0.003 -0.010 -0.005 0.011 0.016 0.022 0.010 0.005 rf:0.4727 sh: -1.8 rg:0.0000 rt:0.4727  dt: Sat Sep  8 12:12:58 2001
# 58 par: 0.016 0.010 0.007 0.011 -0.003 -0.017 0.002 0.011 rf:0.4632 sh: -1.5 rg:0.0000 rt:0.4632  dt: Sat Sep  8 12:37:11 2001
# 59 par: -0.005 0.011 0.005 0.004 0.009 0.013 0.001 0.001 rf:0.4672 sh: -1.5 rg:0.0000 rt:0.4672  dt: Sat Sep  8 12:57:47 2001
# 60 par: 0.001 0.014 0.001 -0.003 0.011 -0.022 0.003 0.004 rf:0.4762 sh: -1.5 rg:0.0000 rt:0.4762  dt: Sat Sep  8 13:18:41 2001
# 61 par: 0.012 0.003 0.005 0.014 0.002 0.005 0.004 0.009 rf:0.4629 sh: -1.5 rg:0.0000 rt:0.4629  dt: Sat Sep  8 13:42:29 2001
# 62 par: 0.002 0.011 -0.012 0.009 -0.003 0.013 -0.001 0.006 rf:0.4713 sh: -1.5 rg:0.0000 rt:0.4713  dt: Sat Sep  8 14:06:45 2001
# 63 par: 0.011 0.004 0.009 0.009 0.007 -0.008 0.006 0.008 rf:0.4616 sh: -1.5 rg:0.0000 rt:0.4616  dt: Sat Sep  8 14:30:36 2001
# 64 par: 0.026 0.002 0.002 0.005 0.002 0.021 -0.001 0.005 rf:0.4649 sh: -1.5 rg:0.0000 rt:0.4649  dt: Sat Sep  8 14:55:02 2001
# 65 par: 0.032 -0.002 0.001 0.014 -0.003 -0.010 0.004 0.014 rf:0.4720 sh: -1.5 rg:0.0000 rt:0.4720  dt: Sat Sep  8 15:19:17 2001
# 66 par: 0.004 0.008 0.004 0.006 0.006 0.007 0.002 0.004 rf:0.4613 sh: -1.5 rg:0.0000 rt:0.4613  dt: Sat Sep  8 15:43:07 2001
# 67 par: 0.012 -0.003 0.016 0.007 0.006 -0.023 -0.007 0.010 rf:0.4727 sh: -1.2 rg:0.0000 rt:0.4727  dt: Sat Sep  8 16:06:57 2001
# 68 par: 0.013 0.008 -0.002 0.009 0.002 0.011 0.006 0.006 rf:0.4627 sh: -1.5 rg:0.0000 rt:0.4627  dt: Sat Sep  8 16:27:48 2001
# 69 par: 0.007 0.004 0.009 0.006 -0.011 0.020 0.007 0.007 rf:0.4677 sh: -1.8 rg:0.0000 rt:0.4677  dt: Sat Sep  8 16:51:53 2001
# 70 par: 0.015 0.005 0.001 0.009 0.008 -0.006 0.001 0.007 rf:0.4614 sh: -1.2 rg:0.0000 rt:0.4614  dt: Sat Sep  8 17:15:46 2001
# 71 par: -0.004 0.008 0.006 0.012 0.003 -0.023 0.007 0.010 rf:0.4666 sh: -1.5 rg:0.0000 rt:0.4666  dt: Sat Sep  8 17:39:39 2001
# 72 par: 0.018 0.004 0.003 0.007 0.002 0.010 0.001 0.006 rf:0.4613 sh: -1.5 rg:0.0000 rt:0.4613  dt: Sat Sep  8 18:03:28 2001
# 73 par: 0.008 0.009 0.000 0.005 0.007 -0.002 0.002 -0.002 rf:0.4644 sh: -1.5 rg:0.0000 rt:0.4644  dt: Sat Sep  8 18:26:34 2001
# 74 par: 0.013 0.003 0.005 0.010 0.001 0.001 0.003 0.011 rf:0.4611 sh: -1.5 rg:0.0000 rt:0.4611  dt: Sat Sep  8 18:50:46 2001
# 75 par: 0.005 -0.002 -0.001 0.005 0.010 0.022 0.003 0.002 rf:0.4648 sh: -1.8 rg:0.0000 rt:0.4648  dt: Sat Sep  8 19:14:59 2001
# 76 par: 0.013 0.007 0.005 0.010 0.000 -0.007 0.003 0.009 rf:0.4609 sh: -1.5 rg:0.0000 rt:0.4609  dt: Sat Sep  8 19:39:04 2001
# 77 par: 0.010 0.007 0.001 0.001 0.005 -0.003 0.001 0.004 rf:0.4633 sh: -1.5 rg:0.0000 rt:0.4633  dt: Sat Sep  8 20:02:55 2001
# 78 par: 0.011 0.004 0.004 0.011 0.003 0.003 0.003 0.008 rf:0.4610 sh: -1.5 rg:0.0000 rt:0.4610  dt: Sat Sep  8 20:24:36 2001
# 79 par: 0.009 0.001 0.010 0.006 0.005 -0.011 -0.002 0.007 rf:0.4638 sh: -1.5 rg:0.0000 rt:0.4638  dt: Sat Sep  8 20:47:09 2001
# 80 par: 0.012 0.006 0.001 0.008 0.003 0.005 0.004 0.006 rf:0.4611 sh: -1.5 rg:0.0000 rt:0.4611  dt: Sat Sep  8 21:10:58 2001
# 81 par: 0.024 0.011 0.008 0.017 0.008 0.001 0.006 0.015 rf:0.4628 sh: -1.2 rg:0.0000 rt:0.4628  dt: Sat Sep  8 21:34:49 2001
# 82 par: 0.006 0.003 0.002 0.004 0.002 0.000 0.001 0.004 rf:0.4605 sh: -1.5 rg:0.0000 rt:0.4605  dt: Sat Sep  8 21:58:39 2001
# 83 par: 0.012 0.006 -0.003 0.007 -0.000 0.012 -0.001 0.006 rf:0.4635 sh: -1.5 rg:0.0000 rt:0.4635  dt: Sat Sep  8 22:22:52 2001
# 84 par: 0.011 0.005 0.006 0.009 0.005 -0.003 0.004 0.007 rf:0.4602 sh: -1.5 rg:0.0000 rt:0.4602  dt: Sat Sep  8 22:46:44 2001
# 85 par: 0.008 0.005 0.006 0.007 -0.003 0.010 0.005 0.006 rf:0.4619 sh: -1.8 rg:0.0000 rt:0.4619  dt: Sat Sep  8 23:10:54 2001
# 86 par: 0.013 0.005 0.003 0.009 0.006 -0.002 0.002 0.007 rf:0.4605 sh: -1.5 rg:0.0000 rt:0.4605  dt: Sat Sep  8 23:33:23 2001
# 87 par: 0.020 0.001 0.004 0.010 -0.000 -0.005 0.003 0.010 rf:0.4626 sh: -1.5 rg:0.0000 rt:0.4626  dt: Sat Sep  8 23:57:40 2001
# 88 par: 0.008 0.006 0.004 0.007 0.004 0.004 0.002 0.006 rf:0.4603 sh: -1.5 rg:0.0000 rt:0.4603  dt: Sun Sep  9 00:21:29 2001
# 89 par: 0.004 0.006 0.004 0.010 0.004 -0.010 0.005 0.008 rf:0.4615 sh: -1.5 rg:0.0000 rt:0.4615  dt: Sun Sep  9 00:45:21 2001
# 90 par: 0.015 0.004 0.003 0.008 0.003 0.005 0.002 0.007 rf:0.4605 sh: -1.5 rg:0.0000 rt:0.4605  dt: Sun Sep  9 01:09:11 2001
# 91 par: 0.010 0.007 0.002 0.007 0.005 0.000 0.002 0.003 rf:0.4610 sh: -1.5 rg:0.0000 rt:0.4610  dt: Sun Sep  9 01:30:02 2001
# 92 par: 0.010 0.004 0.006 0.008 0.004 -0.005 0.001 0.006 rf:0.4605 sh: -1.5 rg:0.0000 rt:0.4605  dt: Sun Sep  9 01:53:57 2001
# 93 par: 0.012 0.003 0.006 0.009 0.002 -0.001 0.002 0.011 rf:0.4610 sh: -1.5 rg:0.0000 rt:0.4610  dt: Sun Sep  9 02:17:57 2001
# 94 par: 0.012 0.004 0.005 0.009 0.002 -0.001 0.002 0.009 rf:0.4603 sh: -1.5 rg:0.0000 rt:0.4603  dt: Sun Sep  9 02:40:30 2001
# 95 par: 0.011 0.006 0.005 0.005 0.004 -0.005 0.001 0.006 rf:0.4609 sh: -1.5 rg:0.0000 rt:0.4609  dt: Sun Sep  9 03:04:23 2001
# 96 par: 0.011 0.005 0.004 0.006 0.004 -0.003 0.001 0.006 rf:0.4603 sh: -1.5 rg:0.0000 rt:0.4603  dt: Sun Sep  9 03:28:12 2001
# 97 par: 0.008 0.002 0.003 0.005 0.007 0.006 0.001 0.004 rf:0.4612 sh: -1.5 rg:0.0000 rt:0.4612  dt: Sun Sep  9 03:52:07 2001
# 98 par: 0.012 0.006 0.005 0.009 0.002 -0.004 0.002 0.007 rf:0.4603 sh: -1.5 rg:0.0000 rt:0.4603  dt: Sun Sep  9 04:15:55 2001
# 99 par: 0.017 0.007 0.007 0.011 0.006 -0.003 0.003 0.010 rf:0.4606 sh: -1.2 rg:0.0000 rt:0.4606  dt: Sun Sep  9 04:39:46 2001
#100 par: 0.009 0.004 0.003 0.006 0.003 -0.000 0.002 0.005 rf:0.4602 sh: -1.5 rg:0.0000 rt:0.4602  dt: Sun Sep  9 05:03:38 2001
#101 par: 0.007 0.005 0.006 0.008 0.005 -0.009 0.002 0.007 rf:0.4608 sh: -1.5 rg:0.0000 rt:0.4608  dt: Sun Sep  9 05:27:26 2001
#102 par: 0.013 0.005 0.004 0.008 0.003 0.002 0.002 0.007 rf:0.4602 sh: -1.5 rg:0.0000 rt:0.4602  dt: Sun Sep  9 05:49:04 2001
#103 par: 0.012 0.006 0.002 0.008 0.003 0.003 0.004 0.008 rf:0.4606 sh: -1.5 rg:0.0000 rt:0.4606  dt: Sun Sep  9 06:12:09 2001
#104 par: 0.011 0.005 0.005 0.008 0.004 -0.003 0.001 0.006 rf:0.4601 sh: -1.5 rg:0.0000 rt:0.4601  dt: Sun Sep  9 06:35:58 2001
#105 par: 0.009 0.005 0.007 0.007 0.001 -0.000 0.003 0.006 rf:0.4605 sh: -1.5 rg:0.0000 rt:0.4605  dt: Sun Sep  9 06:59:47 2001
#106 par: 0.010 0.005 0.006 0.007 0.002 -0.001 0.002 0.006 rf:0.4602 sh: -1.5 rg:0.0000 rt:0.4602  dt: Sun Sep  9 07:23:39 2001

=> No. of function evaluations in sr_amoeba:  97
=> Vertices and function values of final 3-d simplex:
  1: 0.0088  0.0038  0.0033  0.0062  0.0028 -0.0005  0.0018  0.0053  0.4602
  2  0.0126  0.0046  0.0040  0.0077  0.0032  0.0016  0.0020  0.0067  0.4602
  3  0.0106  0.0045  0.0053  0.0076  0.0038 -0.0032  0.0015  0.0064  0.4601
  4  0.0112  0.0047  0.0062  0.0086  0.0051 -0.0033  0.0039  0.0073  0.4602
  5  0.0109  0.0053  0.0045  0.0064  0.0037 -0.0033  0.0015  0.0063  0.4603
  6  0.0120  0.0060  0.0048  0.0086  0.0020 -0.0040  0.0023  0.0075  0.4603
  7  0.0083  0.0064  0.0036  0.0074  0.0043  0.0040  0.0024  0.0057  0.4603
  8  0.0097  0.0048  0.0056  0.0071  0.0023 -0.0008  0.0024  0.0065  0.4602
  9  0.0117  0.0039  0.0053  0.0088  0.0024 -0.0010  0.0022  0.0086  0.4603

avg: 0.0107  0.0049  0.0047  0.0076  0.0033 -0.0012  0.0022  0.0067  0.4602
