CSEARCH - version 0.1 (test version GH/29.12.95)

=> Atoms in search:

0 "C1_Benz_Ni": ( 1.220,  1.388,  6.066) ref: 0 nref: 1 r_min: 0.600
z_par:	1.000 0.000 0.000 0.000 0.000 0.000 0.000 0.000 0.000 0.000 0.000 0.000 0.000 0.000 0.000 0.000 0.000 0.000 0.000 0.000 

1 "C1_Benz_Ni": ( 0.101,  1.996,  6.087) ref: 1 nref: 1 r_min: 0.600
z_par:	0.000 1.000 0.000 0.000 0.000 0.000 0.000 0.000 0.000 0.000 0.000 0.000 0.000 0.000 0.000 0.000 0.000 0.000 0.000 0.000 

2 "C1_Benz_Ni": (-0.993,  1.420,  6.071) ref: 2 nref: 1 r_min: 0.600
z_par:	0.000 0.000 1.000 0.000 0.000 0.000 0.000 0.000 0.000 0.000 0.000 0.000 0.000 0.000 0.000 0.000 0.000 0.000 0.000 0.000 

3 "C1_Benz_Ni": (-1.303, -0.005,  6.104) ref: 3 nref: 1 r_min: 0.600
z_par:	0.000 0.000 0.000 1.000 0.000 0.000 0.000 0.000 0.000 0.000 0.000 0.000 0.000 0.000 0.000 0.000 0.000 0.000 0.000 0.000 

4 "C1_Benz_Ni": (-0.133, -0.959,  6.051) ref: 4 nref: 1 r_min: 0.600
z_par:	0.000 0.000 0.000 0.000 1.000 0.000 0.000 0.000 0.000 0.000 0.000 0.000 0.000 0.000 0.000 0.000 0.000 0.000 0.000 0.000 

5 "C1_Benz_Ni": ( 1.471, -0.116,  6.111) ref: 5 nref: 1 r_min: 0.600
z_par:	0.000 0.000 0.000 0.000 0.000 1.000 0.000 0.000 0.000 0.000 0.000 0.000 0.000 0.000 0.000 0.000 0.000 0.000 0.000 0.000 

6 "Ni_BVH": ( 0.000, -1.438,  4.157) ref: 6 nref: 1 r_min: 1.100
z_par:	0.000 0.000 0.000 0.000 0.000 0.000 1.000 0.000 0.000 0.000 0.000 0.000 0.000 0.000 0.000 0.000 0.000 0.000 0.000 0.000 

7 "Ni_BVH": ( 1.245,  0.719,  4.058) ref: 7 nref: 1 r_min: 1.100
z_par:	0.000 0.000 0.000 0.000 0.000 0.000 0.000 1.000 0.000 0.000 0.000 0.000 0.000 0.000 0.000 0.000 0.000 0.000 0.000 0.000 

8 "Ni_BVH": (-1.245,  0.719,  4.111) ref: 8 nref: 1 r_min: 1.100
z_par:	0.000 0.000 0.000 0.000 0.000 0.000 0.000 0.000 1.000 0.000 0.000 0.000 0.000 0.000 0.000 0.000 0.000 0.000 0.000 0.000 

9 "Ni_BVH": ( 0.000,  2.875,  4.081) ref: 9 nref: 1 r_min: 1.100
z_par:	0.000 0.000 0.000 0.000 0.000 0.000 0.000 0.000 0.000 1.000 0.000 0.000 0.000 0.000 0.000 0.000 0.000 0.000 0.000 0.000 

10 "Ni_BVH": ( 2.490, -1.438,  4.008) ref: 10 nref: 1 r_min: 1.100
z_par:	0.000 0.000 0.000 0.000 0.000 0.000 0.000 0.000 0.000 0.000 1.000 0.000 0.000 0.000 0.000 0.000 0.000 0.000 0.000 0.000 

11 "Ni_BVH": (-2.490, -1.438,  4.027) ref: 11 nref: 1 r_min: 1.100
z_par:	0.000 0.000 0.000 0.000 0.000 0.000 0.000 0.000 0.000 0.000 0.000 1.000 0.000 0.000 0.000 0.000 0.000 0.000 0.000 0.000 

12 "Ni_BVH": (-2.490,  2.875,  3.971) ref: 12 nref: 1 r_min: 1.100
z_par:	0.000 0.000 0.000 0.000 0.000 0.000 0.000 0.000 0.000 0.000 0.000 0.000 1.000 0.000 0.000 0.000 0.000 0.000 0.000 0.000 

13 "Ni_BVH": ( 0.000,  0.000,  2.033) ref: 13 nref: 1 r_min: 1.100
z_par:	0.000 0.000 0.000 0.000 0.000 0.000 0.000 0.000 0.000 0.000 0.000 0.000 0.000 1.000 0.000 0.000 0.000 0.000 0.000 0.000 

14 "Ni_BVH": ( 2.490,  0.000,  2.033) ref: 14 nref: 1 r_min: 1.100
z_par:	0.000 0.000 0.000 0.000 0.000 0.000 0.000 0.000 0.000 0.000 0.000 0.000 0.000 0.000 1.000 0.000 0.000 0.000 0.000 0.000 

15 "Ni_BVH": (-2.490,  0.000,  2.033) ref: 15 nref: 1 r_min: 1.100
z_par:	0.000 0.000 0.000 0.000 0.000 0.000 0.000 0.000 0.000 0.000 0.000 0.000 0.000 0.000 0.000 1.000 0.000 0.000 0.000 0.000 

16 "Ni_BVH": ( 1.245,  2.156,  2.033) ref: 16 nref: 1 r_min: 1.100
z_par:	0.000 0.000 0.000 0.000 0.000 0.000 0.000 0.000 0.000 0.000 0.000 0.000 0.000 0.000 0.000 0.000 1.000 0.000 0.000 0.000 

17 "Ni_BVH": (-1.245,  2.156,  2.033) ref: 17 nref: 1 r_min: 1.100
z_par:	0.000 0.000 0.000 0.000 0.000 0.000 0.000 0.000 0.000 0.000 0.000 0.000 0.000 0.000 0.000 0.000 0.000 1.000 0.000 0.000 

18 "Ni_BVH": ( 1.245, -2.156,  2.033) ref: 18 nref: 1 r_min: 1.100
z_par:	0.000 0.000 0.000 0.000 0.000 0.000 0.000 0.000 0.000 0.000 0.000 0.000 0.000 0.000 0.000 0.000 0.000 0.000 1.000 0.000 

19 "Ni_BVH": (-1.245, -2.156,  2.033) ref: 19 nref: 1 r_min: 1.100
z_par:	0.000 0.000 0.000 0.000 0.000 0.000 0.000 0.000 0.000 0.000 0.000 0.000 0.000 0.000 0.000 0.000 0.000 0.000 0.000 1.000 

=> SIMPLEX SEARCH:

=> Set up vertex:
#  1 par: 0.000 0.000 0.000 0.000 0.000 0.000 0.000 0.000 0.000 0.000 0.000 0.000 0.000 0.000 0.000 0.000 0.000 0.000 0.000 0.000 rf:0.3855 sh: -2.0 rg:0.0000 rt:0.3855  dt: Mon Sep  3 14:56:41 2001
#  2 par: 0.100 0.000 0.000 0.000 0.000 0.000 0.000 0.000 0.000 0.000 0.000 0.000 0.000 0.000 0.000 0.000 0.000 0.000 0.000 0.000 rf:0.4294 sh: -2.0 rg:0.0000 rt:0.4294  dt: Mon Sep  3 15:52:32 2001
#  3 par: 0.000 0.100 0.000 0.000 0.000 0.000 0.000 0.000 0.000 0.000 0.000 0.000 0.000 0.000 0.000 0.000 0.000 0.000 0.000 0.000 rf:0.4421 sh: -1.8 rg:0.0000 rt:0.4421  dt: Mon Sep  3 16:48:16 2001
#  4 par: 0.000 0.000 0.100 0.000 0.000 0.000 0.000 0.000 0.000 0.000 0.000 0.000 0.000 0.000 0.000 0.000 0.000 0.000 0.000 0.000 rf:0.4172 sh: -1.8 rg:0.0000 rt:0.4172  dt: Mon Sep  3 17:43:58 2001
#  5 par: 0.000 0.000 0.000 0.100 0.000 0.000 0.000 0.000 0.000 0.000 0.000 0.000 0.000 0.000 0.000 0.000 0.000 0.000 0.000 0.000 rf:0.4147 sh: -2.0 rg:0.0000 rt:0.4147  dt: Mon Sep  3 18:39:52 2001
#  6 par: 0.000 0.000 0.000 0.000 0.100 0.000 0.000 0.000 0.000 0.000 0.000 0.000 0.000 0.000 0.000 0.000 0.000 0.000 0.000 0.000 rf:0.4186 sh: -1.8 rg:0.0000 rt:0.4186  dt: Mon Sep  3 19:35:20 2001
#  7 par: 0.000 0.000 0.000 0.000 0.000 0.100 0.000 0.000 0.000 0.000 0.000 0.000 0.000 0.000 0.000 0.000 0.000 0.000 0.000 0.000 rf:0.4340 sh: -1.8 rg:0.0000 rt:0.4340  dt: Mon Sep  3 20:31:03 2001
#  8 par: 0.000 0.000 0.000 0.000 0.000 0.000 0.100 0.000 0.000 0.000 0.000 0.000 0.000 0.000 0.000 0.000 0.000 0.000 0.000 0.000 rf:0.4805 sh: -1.5 rg:0.0000 rt:0.4805  dt: Mon Sep  3 21:28:37 2001
#  9 par: 0.000 0.000 0.000 0.000 0.000 0.000 0.000 0.100 0.000 0.000 0.000 0.000 0.000 0.000 0.000 0.000 0.000 0.000 0.000 0.000 rf:0.4148 sh: -2.0 rg:0.0000 rt:0.4148  dt: Mon Sep  3 22:22:32 2001
# 10 par: 0.000 0.000 0.000 0.000 0.000 0.000 0.000 0.000 0.100 0.000 0.000 0.000 0.000 0.000 0.000 0.000 0.000 0.000 0.000 0.000 rf:0.4241 sh: -1.8 rg:0.0000 rt:0.4241  dt: Mon Sep  3 23:18:58 2001
# 11 par: 0.000 0.000 0.000 0.000 0.000 0.000 0.000 0.000 0.000 0.100 0.000 0.000 0.000 0.000 0.000 0.000 0.000 0.000 0.000 0.000 rf:0.4252 sh: -1.5 rg:0.0000 rt:0.4252  dt: Tue Sep  4 00:14:58 2001
# 12 par: 0.000 0.000 0.000 0.000 0.000 0.000 0.000 0.000 0.000 0.000 0.100 0.000 0.000 0.000 0.000 0.000 0.000 0.000 0.000 0.000 rf:0.4481 sh: -1.5 rg:0.0000 rt:0.4481  dt: Tue Sep  4 01:10:36 2001
# 13 par: 0.000 0.000 0.000 0.000 0.000 0.000 0.000 0.000 0.000 0.000 0.000 0.100 0.000 0.000 0.000 0.000 0.000 0.000 0.000 0.000 rf:0.4771 sh: -1.8 rg:0.0000 rt:0.4771  dt: Tue Sep  4 02:06:12 2001
# 14 par: 0.000 0.000 0.000 0.000 0.000 0.000 0.000 0.000 0.000 0.000 0.000 0.000 0.100 0.000 0.000 0.000 0.000 0.000 0.000 0.000 rf:0.5033 sh: -1.5 rg:0.0000 rt:0.5033  dt: Tue Sep  4 03:01:59 2001
# 15 par: 0.000 0.000 0.000 0.000 0.000 0.000 0.000 0.000 0.000 0.000 0.000 0.000 0.000 0.100 0.000 0.000 0.000 0.000 0.000 0.000 rf:0.4174 sh: -2.2 rg:0.0000 rt:0.4174  dt: Tue Sep  4 04:00:50 2001
# 16 par: 0.000 0.000 0.000 0.000 0.000 0.000 0.000 0.000 0.000 0.000 0.000 0.000 0.000 0.000 0.100 0.000 0.000 0.000 0.000 0.000 rf:0.4904 sh: -1.8 rg:0.0000 rt:0.4904  dt: Tue Sep  4 04:59:36 2001
# 17 par: 0.000 0.000 0.000 0.000 0.000 0.000 0.000 0.000 0.000 0.000 0.000 0.000 0.000 0.000 0.000 0.100 0.000 0.000 0.000 0.000 rf:0.4603 sh: -2.5 rg:0.0000 rt:0.4603  dt: Tue Sep  4 05:58:24 2001
# 18 par: 0.000 0.000 0.000 0.000 0.000 0.000 0.000 0.000 0.000 0.000 0.000 0.000 0.000 0.000 0.000 0.000 0.100 0.000 0.000 0.000 rf:0.4519 sh: -2.2 rg:0.0000 rt:0.4519  dt: Tue Sep  4 06:57:08 2001
# 19 par: 0.000 0.000 0.000 0.000 0.000 0.000 0.000 0.000 0.000 0.000 0.000 0.000 0.000 0.000 0.000 0.000 0.000 0.100 0.000 0.000 rf:0.4561 sh: -2.2 rg:0.0000 rt:0.4561  dt: Tue Sep  4 07:56:05 2001
# 20 par: 0.000 0.000 0.000 0.000 0.000 0.000 0.000 0.000 0.000 0.000 0.000 0.000 0.000 0.000 0.000 0.000 0.000 0.000 0.100 0.000 rf:0.4357 sh: -2.2 rg:0.0000 rt:0.4357  dt: Tue Sep  4 08:54:51 2001
# 21 par: 0.000 0.000 0.000 0.000 0.000 0.000 0.000 0.000 0.000 0.000 0.000 0.000 0.000 0.000 0.000 0.000 0.000 0.000 0.000 0.100 rf:0.4332 sh: -1.8 rg:0.0000 rt:0.4332  dt: Tue Sep  4 09:53:49 2001
=> Start search (abs. tolerance = 5.000e-04)
# 22 par: 0.010 0.010 0.010 0.010 0.010 0.010 0.010 0.010 0.010 0.010 0.010 0.010 -0.100 0.010 0.010 0.010 0.010 0.010 0.010 0.010 rf:0.5417 sh: -2.2 rg:0.0000 rt:0.5417  dt: Tue Sep  4 10:50:50 2001
# 23 par: 0.003 0.003 0.003 0.003 0.003 0.003 0.003 0.003 0.003 0.003 0.003 0.003 0.050 0.003 0.003 0.003 0.003 0.003 0.003 0.003 rf:0.4208 sh: -1.8 rg:0.0000 rt:0.4208  dt: Tue Sep  4 11:46:40 2001
# 24 par: 0.010 0.010 0.010 0.010 0.010 0.010 0.010 0.010 0.010 0.010 0.010 0.010 0.005 0.010 -0.100 0.010 0.010 0.010 0.010 0.010 rf:0.3976 sh: -1.5 rg:0.0000 rt:0.3976  dt: Tue Sep  4 12:44:18 2001
# 25 par: 0.011 0.011 0.011 0.011 0.011 0.011 -0.099 0.011 0.011 0.011 0.011 0.011 0.006 0.011 -0.010 0.011 0.011 0.011 0.011 0.011 rf:0.5076 sh: -2.2 rg:0.0000 rt:0.5076  dt: Tue Sep  4 13:41:00 2001
# 26 par: 0.003 0.003 0.003 0.003 0.003 0.003 0.050 0.003 0.003 0.003 0.003 0.003 0.001 0.003 -0.002 0.003 0.003 0.003 0.003 0.003 rf:0.4148 sh: -1.5 rg:0.0000 rt:0.4148  dt: Tue Sep  4 14:39:09 2001
# 27 par: 0.012 0.012 0.012 0.012 0.012 0.012 0.006 0.012 0.012 0.012 0.012 -0.098 0.006 0.012 -0.010 0.012 0.012 0.012 0.012 0.012 rf:0.4716 sh: -2.0 rg:0.0000 rt:0.4716  dt: Tue Sep  4 15:36:46 2001
# 28 par: 0.009 0.009 0.009 0.009 0.009 0.009 0.005 0.009 0.009 0.009 0.009 -0.049 0.004 0.009 -0.007 0.009 0.009 0.009 0.009 0.009 rf:0.4075 sh: -2.0 rg:0.0000 rt:0.4075  dt: Tue Sep  4 16:34:28 2001
# 29 par: 0.012 0.012 0.012 0.012 0.012 0.012 0.007 0.012 0.012 0.012 0.012 -0.003 0.006 0.012 -0.011 -0.098 0.012 0.012 0.012 0.012 rf:0.4503 sh: -1.5 rg:0.0000 rt:0.4503  dt: Tue Sep  4 17:33:25 2001
# 30 par: 0.014 0.014 0.014 0.014 0.014 0.014 0.007 0.014 0.014 0.014 0.014 -0.004 0.007 0.014 -0.012 -0.007 0.014 -0.096 0.014 0.014 rf:0.4052 sh: -1.0 rg:0.0000 rt:0.4052  dt: Tue Sep  4 18:33:28 2001
# 31 par: 0.015 0.015 0.015 0.015 0.015 0.015 0.008 0.015 0.015 0.015 0.015 -0.004 0.007 0.015 -0.013 -0.008 -0.095 -0.006 0.015 0.015 rf:0.4338 sh: -1.2 rg:0.0000 rt:0.4338  dt: Tue Sep  4 19:32:31 2001
# 32 par: 0.003 0.003 0.003 0.003 0.003 0.003 0.002 0.003 0.003 0.003 0.003 -0.001 0.001 0.003 -0.002 0.098 -0.018 -0.020 0.003 0.003 rf:0.4477 sh: -2.2 rg:0.0000 rt:0.4477  dt: Tue Sep  4 20:34:14 2001
# 33 par: 0.016 0.016 0.016 0.016 0.016 0.016 0.009 0.016 0.016 0.016 -0.094 -0.004 0.008 0.016 -0.013 0.011 -0.008 -0.010 0.016 0.016 rf:0.4812 sh: -1.8 rg:0.0000 rt:0.4812  dt: Tue Sep  4 21:35:11 2001
# 34 par: 0.004 0.004 0.004 0.004 0.004 0.004 0.002 0.004 0.004 0.004 0.051 -0.001 0.002 0.004 -0.003 0.003 -0.002 -0.002 0.004 0.004 rf:0.4092 sh: -1.8 rg:0.0000 rt:0.4092  dt: Tue Sep  4 22:36:14 2001
# 35 par: 0.013 0.013 0.013 0.013 0.013 0.013 0.007 0.013 0.013 0.013 0.008 -0.003 0.006 0.013 -0.011 -0.097 0.012 0.012 0.013 0.013 rf:0.4470 sh: -1.5 rg:0.0000 rt:0.4470  dt: Tue Sep  4 23:37:22 2001
# 36 par: 0.010 0.010 0.010 0.010 0.010 0.010 0.006 0.010 0.010 0.010 0.006 -0.003 0.005 0.010 -0.009 -0.048 0.005 0.004 0.010 0.010 rf:0.3963 sh: -1.5 rg:0.0000 rt:0.3963  dt: Wed Sep  5 00:38:25 2001
# 37 par: 0.017 -0.093 0.017 0.017 0.017 0.017 0.009 0.017 0.017 0.017 0.011 -0.004 0.008 0.017 -0.014 -0.004 -0.005 -0.008 0.017 0.017 rf:0.4142 sh: -1.5 rg:0.0000 rt:0.4142  dt: Wed Sep  5 01:40:41 2001
# 38 par: 0.018 -0.003 0.018 0.018 0.018 0.018 0.010 0.018 0.018 0.018 0.012 -0.005 0.009 0.018 -0.016 -0.004 -0.006 -0.008 -0.092 0.018 rf:0.5106 sh: -1.2 rg:0.0000 rt:0.5106  dt: Wed Sep  5 02:41:38 2001
# 39 par: 0.005 -0.001 0.005 0.005 0.005 0.005 0.003 0.005 0.005 0.005 0.003 -0.001 0.002 0.005 -0.004 -0.001 -0.001 -0.002 0.052 0.005 rf:0.3815 sh: -2.0 rg:0.0000 rt:0.3815  dt: Wed Sep  5 03:42:39 2001
# 40 par: 0.019 -0.003 0.019 0.019 0.019 -0.091 0.010 0.019 0.019 0.019 0.012 -0.005 0.009 0.019 -0.016 -0.004 -0.006 -0.009 0.014 0.019 rf:0.4285 sh: -2.0 rg:0.0000 rt:0.4285  dt: Wed Sep  5 04:43:49 2001
# 41 par: 0.004 -0.019 0.004 0.004 0.004 -0.017 0.002 0.004 0.004 0.004 -0.003 -0.001 0.002 0.004 -0.004 0.004 0.098 -0.003 -0.002 0.004 rf:0.4458 sh: -2.2 rg:0.0000 rt:0.4458  dt: Wed Sep  5 05:45:19 2001
# 42 par: 0.012 0.006 0.012 0.012 0.012 0.007 0.007 0.012 0.012 0.012 0.011 -0.003 0.006 0.012 -0.011 -0.005 -0.047 -0.005 0.011 0.012 rf:0.3925 sh: -1.5 rg:0.0000 rt:0.3925  dt: Wed Sep  5 06:46:14 2001
# 43 par: 0.020 -0.004 0.020 0.020 0.020 -0.001 0.011 0.020 0.020 0.020 0.013 -0.005 0.010 0.020 -0.018 -0.004 -0.002 -0.009 0.015 -0.090 rf:0.3976 sh: -1.5 rg:0.0000 rt:0.3976  dt: Wed Sep  5 07:46:56 2001
# 44 par: -0.087 -0.004 0.023 0.023 0.023 -0.001 0.012 0.023 0.023 0.023 0.015 -0.006 0.011 0.023 -0.019 -0.005 -0.002 -0.010 0.016 0.002 rf:0.4127 sh: -1.8 rg:0.0000 rt:0.4127  dt: Wed Sep  5 08:47:12 2001
# 45 par: -0.017 -0.002 0.004 0.004 0.004 0.099 0.002 0.004 0.004 0.004 0.002 -0.001 0.002 0.004 -0.003 -0.001 0.004 -0.002 0.003 -0.019 rf:0.4332 sh: -1.8 rg:0.0000 rt:0.4332  dt: Wed Sep  5 09:16:49 2001
# 46 par: 0.010 -0.002 0.015 0.015 0.015 -0.044 0.008 0.015 0.015 0.015 0.010 -0.004 0.007 0.015 -0.013 -0.003 -0.003 -0.007 0.011 0.009 rf:0.3876 sh: -1.8 rg:0.0000 rt:0.3876  dt: Wed Sep  5 09:46:25 2001
# 47 par: 0.003 -0.005 0.024 0.024 0.024 0.003 0.013 0.024 0.024 -0.086 0.016 -0.007 0.012 0.024 -0.021 -0.005 -0.002 -0.011 0.017 0.001 rf:0.4386 sh: -1.8 rg:0.0000 rt:0.4386  dt: Wed Sep  5 10:17:03 2001
# 48 par: 0.001 -0.001 0.006 0.006 0.006 0.001 0.003 0.006 0.006 0.054 0.004 -0.002 0.003 0.006 -0.005 -0.001 -0.001 -0.003 0.004 0.000 rf:0.3937 sh: -1.8 rg:0.0000 rt:0.3937  dt: Wed Sep  5 10:47:40 2001
# 49 par: 0.003 -0.005 0.025 0.025 0.025 0.004 0.014 0.025 -0.085 0.020 0.016 -0.007 0.012 0.025 -0.022 -0.005 -0.002 -0.011 0.018 0.001 rf:0.4335 sh: -1.8 rg:0.0000 rt:0.4335  dt: Wed Sep  5 11:18:18 2001
# 50 par: 0.001 -0.001 0.006 0.006 0.006 0.001 0.003 0.006 0.054 0.005 0.004 -0.002 0.003 0.006 -0.005 -0.001 -0.001 -0.003 0.004 0.000 rf:0.3874 sh: -1.8 rg:0.0000 rt:0.3874  dt: Wed Sep  5 11:49:02 2001
# 51 par: 0.000 -0.008 0.023 0.023 0.023 0.001 0.011 0.023 0.018 0.017 0.014 -0.010 -0.043 0.023 -0.025 -0.008 -0.005 -0.015 0.015 -0.002 rf:0.4207 sh: -2.0 rg:0.0000 rt:0.4207  dt: Wed Sep  5 12:19:40 2001
# 52 par: 0.001 -0.005 0.018 0.018 0.018 0.001 0.009 0.018 0.014 0.014 0.011 -0.007 -0.019 0.018 -0.018 -0.005 -0.003 -0.010 0.012 -0.001 rf:0.3868 sh: -1.8 rg:0.0000 rt:0.3868  dt: Wed Sep  5 12:50:18 2001
# 53 par: 0.003 -0.006 0.027 0.027 -0.083 0.004 0.015 0.027 0.022 0.021 0.017 -0.008 0.006 0.027 -0.024 -0.006 -0.003 -0.013 0.019 0.000 rf:0.4114 sh: -1.8 rg:0.0000 rt:0.4114  dt: Wed Sep  5 13:21:39 2001
# 54 par: 0.003 -0.006 0.030 0.030 0.009 0.004 0.016 0.030 0.024 0.024 0.019 -0.009 0.006 -0.080 -0.027 -0.007 -0.003 -0.014 0.021 0.000 rf:0.3806 sh: -1.2 rg:0.0000 rt:0.3806  dt: Wed Sep  5 13:52:15 2001
# 55 par: 0.005 -0.009 0.045 0.045 0.013 0.006 0.024 0.045 0.035 0.035 0.029 -0.013 0.009 -0.170 -0.040 -0.010 -0.004 -0.022 0.032 0.001 rf:0.4204 sh: -0.8 rg:0.0000 rt:0.4204  dt: Wed Sep  5 14:22:52 2001
# 56 par: 0.003 -0.007 -0.077 0.033 0.010 0.004 0.018 0.033 0.026 0.026 0.021 -0.009 0.007 0.012 -0.029 -0.007 -0.003 -0.016 0.023 0.000 rf:0.4083 sh: -1.5 rg:0.0000 rt:0.4083  dt: Wed Sep  5 14:54:07 2001
# 57 par: 0.001 -0.011 0.012 0.033 0.008 0.002 -0.036 0.033 0.026 0.025 0.020 -0.013 0.006 0.010 -0.029 -0.011 -0.007 -0.020 0.022 -0.003 rf:0.3907 sh: -1.8 rg:0.0000 rt:0.3907  dt: Wed Sep  5 15:24:26 2001
# 58 par: 0.004 -0.009 0.016 0.039 0.011 0.005 0.011 -0.071 0.031 0.031 0.025 -0.012 0.008 0.014 -0.035 -0.010 -0.005 -0.020 0.027 0.000 rf:0.4126 sh: -1.8 rg:0.0000 rt:0.4126  dt: Wed Sep  5 15:55:02 2001
# 59 par: 0.004 -0.010 0.018 -0.067 0.012 0.005 0.012 0.022 0.034 0.034 0.027 -0.013 0.009 0.015 -0.038 -0.011 -0.005 -0.022 0.030 0.000 rf:0.3961 sh: -1.5 rg:0.0000 rt:0.3961  dt: Wed Sep  5 16:25:38 2001
# 60 par: -0.014 0.092 0.001 0.008 -0.005 -0.013 0.003 0.006 0.019 0.019 0.018 -0.010 0.001 -0.002 -0.026 -0.007 0.000 -0.015 0.015 -0.018 rf:0.4202 sh: -1.8 rg:0.0000 rt:0.4202  dt: Wed Sep  5 16:56:13 2001
# 61 par: 0.009 -0.047 0.013 0.015 0.011 0.009 0.008 0.014 0.017 0.017 0.013 -0.006 0.006 0.012 -0.017 -0.005 -0.004 -0.010 0.016 0.008 rf:0.3861 sh: -1.8 rg:0.0000 rt:0.3861  dt: Wed Sep  5 17:25:47 2001
# 62 par: 0.100 -0.001 -0.006 0.001 -0.012 0.006 -0.001 -0.001 0.013 0.012 0.014 -0.008 -0.003 -0.009 -0.021 -0.006 -0.003 -0.013 0.016 -0.003 rf:0.4108 sh: -1.8 rg:0.0000 rt:0.4108  dt: Wed Sep  5 17:56:30 2001
# 63 par: 0.018 0.004 -0.001 -0.019 -0.003 0.000 -0.000 0.100 0.002 0.002 0.003 -0.002 -0.001 -0.002 -0.004 -0.001 -0.000 -0.003 0.003 -0.001 rf:0.4090 sh: -1.8 rg:0.0000 rt:0.4090  dt: Wed Sep  5 18:25:05 2001
# 64 par: 0.021 0.002 -0.015 -0.012 0.099 0.001 -0.005 0.009 0.010 0.010 0.009 -0.005 0.001 -0.018 -0.013 -0.004 -0.002 -0.008 0.010 -0.002 rf:0.4044 sh: -1.5 rg:0.0000 rt:0.4044  dt: Wed Sep  5 18:54:35 2001
# 65 par: -0.084 -0.002 0.017 0.013 0.039 -0.002 0.009 0.038 0.019 0.019 0.012 -0.005 0.010 0.016 -0.015 -0.004 -0.002 -0.008 0.013 0.001 rf:0.4126 sh: -1.8 rg:0.0000 rt:0.4126  dt: Wed Sep  5 19:25:50 2001
# 66 par: 0.054 -0.002 -0.000 0.004 0.001 0.004 0.002 0.009 0.014 0.014 0.014 -0.007 0.000 -0.002 -0.020 -0.006 -0.003 -0.012 0.015 -0.002 rf:0.3820 sh: -1.5 rg:0.0000 rt:0.3820  dt: Wed Sep  5 19:55:24 2001
# 67 par: 0.017 -0.008 0.006 0.010 0.023 0.000 0.006 0.034 0.028 0.028 -0.029 -0.012 0.005 0.003 -0.035 -0.014 -0.003 -0.019 0.025 -0.006 rf:0.3630 sh: -1.5 rg:0.0000 rt:0.3630  dt: Wed Sep  5 20:25:53 2001
# 68 par: 0.023 -0.014 0.008 0.014 0.033 -0.001 0.009 0.048 0.041 0.040 -0.070 -0.018 0.006 0.003 -0.050 -0.022 -0.003 -0.028 0.036 -0.011 rf:0.4017 sh: -1.5 rg:0.0000 rt:0.4017  dt: Wed Sep  5 20:56:28 2001
# 69 par: 0.002 -0.009 0.013 0.036 0.033 0.004 0.010 -0.069 0.032 0.032 0.016 -0.013 0.008 0.010 -0.037 -0.011 -0.005 -0.021 0.029 -0.001 rf:0.4109 sh: -1.8 rg:0.0000 rt:0.4109  dt: Wed Sep  5 21:27:10 2001
# 70 par: 0.014 0.001 0.002 -0.005 0.006 0.001 0.002 0.058 0.010 0.010 0.006 -0.004 0.001 0.001 -0.012 -0.004 -0.001 -0.007 0.009 -0.001 rf:0.3703 sh: -1.8 rg:0.0000 rt:0.3703  dt: Wed Sep  5 21:56:44 2001
# 71 par: 0.018 0.002 0.096 -0.019 0.020 -0.000 -0.010 0.000 0.007 0.007 -0.004 -0.004 0.000 -0.005 -0.010 -0.004 -0.002 -0.007 0.007 -0.003 rf:0.3982 sh: -1.5 rg:0.0000 rt:0.3982  dt: Wed Sep  5 22:27:12 2001
# 72 par: 0.014 -0.014 0.019 0.002 0.022 -0.006 0.002 0.024 0.024 0.024 0.007 0.039 0.002 -0.003 -0.032 -0.022 -0.015 -0.033 0.021 -0.012 rf:0.4013 sh: -1.2 rg:0.0000 rt:0.4013  dt: Wed Sep  5 22:57:36 2001
# 73 par: 0.009 -0.022 0.015 -0.004 0.018 -0.013 -0.002 0.020 0.020 0.020 0.002 -0.001 -0.001 -0.010 -0.030 -0.007 -0.022 0.079 0.017 -0.020 rf:0.3947 sh: -2.0 rg:0.0000 rt:0.3947  dt: Wed Sep  5 23:28:29 2001
# 74 par: 0.001 -0.012 0.047 0.022 -0.076 -0.001 0.012 0.026 0.025 0.025 0.006 0.000 0.005 0.023 -0.030 -0.011 -0.009 -0.001 0.022 -0.006 rf:0.4004 sh: -2.0 rg:0.0000 rt:0.4004  dt: Wed Sep  5 23:59:41 2001
# 75 par: 0.006 0.004 0.015 0.010 -0.008 0.006 0.006 0.011 0.011 0.011 0.007 -0.048 0.004 0.010 -0.011 0.008 0.004 0.027 0.010 0.005 rf:0.4062 sh: -2.2 rg:0.0000 rt:0.4062  dt: Thu Sep  6 00:29:19 2001
# 76 par: 0.012 -0.009 0.018 0.004 0.014 -0.003 0.003 0.021 0.021 0.021 0.007 0.018 0.003 0.000 -0.027 -0.014 -0.010 -0.018 0.019 -0.008 rf:0.3735 sh: -1.5 rg:0.0000 rt:0.3735  dt: Thu Sep  6 00:59:51 2001
# 77 par: 0.020 0.002 -0.016 -0.011 0.099 0.002 -0.005 0.009 0.010 0.010 0.009 -0.007 0.001 -0.018 -0.012 -0.004 -0.002 -0.007 0.009 -0.001 rf:0.4049 sh: -1.5 rg:0.0000 rt:0.4049  dt: Thu Sep  6 01:29:18 2001
# 78 par: 0.006 -0.008 0.031 0.013 -0.032 -0.001 0.007 0.021 0.021 0.021 0.007 -0.002 0.004 0.013 -0.026 -0.009 -0.007 -0.002 0.019 -0.005 rf:0.3744 sh: -1.8 rg:0.0000 rt:0.3744  dt: Thu Sep  6 02:00:06 2001
# 79 par: 0.002 -0.013 -0.071 0.033 -0.002 0.000 0.018 0.036 0.029 0.029 0.020 -0.002 0.006 0.012 -0.034 -0.010 -0.009 -0.000 0.025 -0.005 rf:0.4095 sh: -1.5 rg:0.0000 rt:0.4095  dt: Thu Sep  6 02:31:17 2001
# 80 par: 0.014 -0.002 0.054 -0.006 0.014 -0.000 -0.003 0.009 0.013 0.013 0.002 -0.004 0.002 -0.001 -0.016 -0.006 -0.003 -0.005 0.012 -0.004 rf:0.3692 sh: -1.8 rg:0.0000 rt:0.3692  dt: Thu Sep  6 03:00:46 2001
# 81 par: -0.001 -0.007 0.008 -0.010 -0.004 0.001 -0.005 0.015 0.015 0.015 0.001 -0.001 -0.005 -0.016 -0.027 -0.011 -0.009 0.003 0.018 0.090 rf:0.4055 sh: -1.8 rg:0.0000 rt:0.4055  dt: Thu Sep  6 03:31:46 2001
# 82 par: 0.015 -0.005 0.017 0.013 0.014 -0.001 0.007 0.019 0.019 0.019 0.010 -0.004 0.006 0.011 -0.020 -0.006 -0.004 -0.006 0.015 -0.045 rf:0.3710 sh: -1.8 rg:0.0000 rt:0.3710  dt: Thu Sep  6 04:02:28 2001
# 83 par: 0.009 -0.022 0.019 0.001 0.007 -0.011 -0.004 0.026 0.026 0.026 0.005 -0.018 0.000 -0.006 0.064 -0.027 -0.023 -0.019 0.022 -0.015 rf:0.4352 sh: -1.5 rg:0.0000 rt:0.4352  dt: Thu Sep  6 04:33:08 2001
# 84 par: 0.010 0.002 0.012 0.008 0.009 0.005 0.007 0.014 0.014 0.014 0.009 0.003 0.004 0.006 -0.059 0.001 0.002 0.003 0.013 0.004 rf:0.3722 sh: -1.8 rg:0.0000 rt:0.3722  dt: Thu Sep  6 05:03:47 2001
# 85 par: 0.009 -0.023 0.019 0.001 0.007 -0.012 0.001 0.026 0.026 0.026 0.009 -0.005 0.000 -0.006 -0.032 0.037 -0.017 -0.012 0.023 -0.016 rf:0.3692 sh: -2.0 rg:0.0000 rt:0.3692  dt: Thu Sep  6 05:34:25 2001
# 86 par: 0.016 -0.005 0.012 0.085 0.004 -0.008 -0.007 0.015 0.002 0.002 -0.014 0.007 -0.004 -0.013 -0.002 0.004 -0.009 0.014 0.002 -0.007 rf:0.4149 sh: -2.0 rg:0.0000 rt:0.4149  dt: Thu Sep  6 06:04:42 2001
# 87 par: 0.007 -0.008 0.016 -0.029 0.010 0.002 0.007 0.020 0.026 0.026 0.017 -0.008 0.005 0.008 -0.029 -0.007 -0.006 -0.013 0.023 -0.002 rf:0.3753 sh: -1.5 rg:0.0000 rt:0.3753  dt: Thu Sep  6 06:35:20 2001
# 88 par: 0.011 0.009 0.015 0.020 -0.002 0.011 0.008 0.017 0.016 0.016 0.013 -0.006 0.006 0.014 -0.011 0.001 0.010 -0.095 0.016 0.015 rf:0.4049 sh: -1.2 rg:0.0000 rt:0.4049  dt: Thu Sep  6 07:04:52 2001
# 89 par: 0.009 -0.014 0.015 0.002 0.013 -0.007 0.001 0.019 0.019 0.019 0.005 -0.003 0.001 -0.004 -0.025 -0.005 -0.014 0.035 0.017 -0.011 rf:0.3712 sh: -2.0 rg:0.0000 rt:0.3712  dt: Thu Sep  6 07:35:27 2001
# 90 par: 0.020 -0.013 0.024 0.009 0.010 -0.003 0.002 0.032 0.032 -0.021 0.011 -0.006 0.002 -0.003 -0.037 -0.006 -0.013 -0.010 0.030 -0.007 rf:0.3798 sh: -1.8 rg:0.0000 rt:0.3798  dt: Thu Sep  6 08:06:00 2001
# 91 par: 0.009 -0.023 0.019 0.002 0.004 -0.011 -0.001 0.028 0.027 0.017 0.004 -0.004 -0.002 -0.011 -0.035 -0.002 0.037 -0.008 0.025 -0.021 rf:0.3778 sh: -2.0 rg:0.0000 rt:0.3778  dt: Thu Sep  6 08:36:38 2001
# 92 par: 0.022 -0.007 0.020 -0.022 0.008 -0.006 0.045 0.007 0.014 0.003 -0.007 0.007 -0.002 -0.011 -0.016 0.005 0.001 0.008 0.014 -0.007 rf:0.3956 sh: -1.5 rg:0.0000 rt:0.3956  dt: Thu Sep  6 09:07:19 2001
# 93 par: 0.006 -0.010 0.014 0.019 0.008 -0.000 -0.016 0.026 0.023 0.020 0.013 -0.008 0.004 0.005 -0.026 -0.007 -0.005 -0.013 0.020 -0.004 rf:0.3655 sh: -1.8 rg:0.0000 rt:0.3655  dt: Thu Sep  6 09:37:44 2001
# 94 par: 0.012 -0.016 0.017 -0.003 0.000 0.043 -0.002 0.026 0.026 0.014 0.004 -0.003 -0.004 -0.017 -0.034 -0.003 -0.002 -0.006 0.026 -0.021 rf:0.3757 sh: -1.8 rg:0.0000 rt:0.3757  dt: Thu Sep  6 10:08:25 2001
# 95 par: 0.022 -0.018 0.027 0.005 0.008 0.003 0.002 0.037 -0.016 0.025 0.009 -0.006 -0.000 -0.011 -0.045 -0.006 -0.006 -0.010 0.035 -0.014 rf:0.3657 sh: -1.8 rg:0.0000 rt:0.3657  dt: Thu Sep  6 10:38:01 2001
