CSEARCH - version 0.1 (test version GH/29.12.95)

=> Atoms in search:

0 "C1_Benz_Ni": ( 1.220,  1.388,  6.083) ref: 0 nref: 1 r_min: 0.600
z_par:	1.000 0.000 0.000 0.000 0.000 0.000 0.000 0.000 0.000 0.000 0.000 0.000 0.000 0.000 0.000 0.000 0.000 0.000 0.000 0.000 

1 "C1_Benz_Ni": ( 0.101,  1.996,  6.079) ref: 1 nref: 1 r_min: 0.600
z_par:	0.000 1.000 0.000 0.000 0.000 0.000 0.000 0.000 0.000 0.000 0.000 0.000 0.000 0.000 0.000 0.000 0.000 0.000 0.000 0.000 

2 "C1_Benz_Ni": (-0.993,  1.420,  6.077) ref: 2 nref: 1 r_min: 0.600
z_par:	0.000 0.000 1.000 0.000 0.000 0.000 0.000 0.000 0.000 0.000 0.000 0.000 0.000 0.000 0.000 0.000 0.000 0.000 0.000 0.000 

3 "C1_Benz_Ni": (-1.303, -0.005,  6.115) ref: 3 nref: 1 r_min: 0.600
z_par:	0.000 0.000 0.000 1.000 0.000 0.000 0.000 0.000 0.000 0.000 0.000 0.000 0.000 0.000 0.000 0.000 0.000 0.000 0.000 0.000 

4 "C1_Benz_Ni": (-0.133, -0.959,  6.075) ref: 4 nref: 1 r_min: 0.600
z_par:	0.000 0.000 0.000 0.000 1.000 0.000 0.000 0.000 0.000 0.000 0.000 0.000 0.000 0.000 0.000 0.000 0.000 0.000 0.000 0.000 

5 "C1_Benz_Ni": ( 1.471, -0.116,  6.112) ref: 5 nref: 1 r_min: 0.600
z_par:	0.000 0.000 0.000 0.000 0.000 1.000 0.000 0.000 0.000 0.000 0.000 0.000 0.000 0.000 0.000 0.000 0.000 0.000 0.000 0.000 

6 "Ni_BVH": ( 0.000, -1.438,  4.164) ref: 6 nref: 1 r_min: 1.100
z_par:	0.000 0.000 0.000 0.000 0.000 0.000 1.000 0.000 0.000 0.000 0.000 0.000 0.000 0.000 0.000 0.000 0.000 0.000 0.000 0.000 

7 "Ni_BVH": ( 1.245,  0.719,  4.091) ref: 7 nref: 1 r_min: 1.100
z_par:	0.000 0.000 0.000 0.000 0.000 0.000 0.000 1.000 0.000 0.000 0.000 0.000 0.000 0.000 0.000 0.000 0.000 0.000 0.000 0.000 

8 "Ni_BVH": (-1.245,  0.719,  4.140) ref: 8 nref: 1 r_min: 1.100
z_par:	0.000 0.000 0.000 0.000 0.000 0.000 0.000 0.000 1.000 0.000 0.000 0.000 0.000 0.000 0.000 0.000 0.000 0.000 0.000 0.000 

9 "Ni_BVH": ( 0.000,  2.875,  4.109) ref: 9 nref: 1 r_min: 1.100
z_par:	0.000 0.000 0.000 0.000 0.000 0.000 0.000 0.000 0.000 1.000 0.000 0.000 0.000 0.000 0.000 0.000 0.000 0.000 0.000 0.000 

10 "Ni_BVH": ( 2.490, -1.438,  3.979) ref: 10 nref: 1 r_min: 1.100
z_par:	0.000 0.000 0.000 0.000 0.000 0.000 0.000 0.000 0.000 0.000 1.000 0.000 0.000 0.000 0.000 0.000 0.000 0.000 0.000 0.000 

11 "Ni_BVH": (-2.490, -1.438,  4.015) ref: 11 nref: 1 r_min: 1.100
z_par:	0.000 0.000 0.000 0.000 0.000 0.000 0.000 0.000 0.000 0.000 0.000 1.000 0.000 0.000 0.000 0.000 0.000 0.000 0.000 0.000 

12 "Ni_BVH": (-2.490,  2.875,  3.975) ref: 12 nref: 1 r_min: 1.100
z_par:	0.000 0.000 0.000 0.000 0.000 0.000 0.000 0.000 0.000 0.000 0.000 0.000 1.000 0.000 0.000 0.000 0.000 0.000 0.000 0.000 

13 "Ni_BVH": ( 0.000,  0.000,  2.036) ref: 13 nref: 1 r_min: 1.100
z_par:	0.000 0.000 0.000 0.000 0.000 0.000 0.000 0.000 0.000 0.000 0.000 0.000 0.000 1.000 0.000 0.000 0.000 0.000 0.000 0.000 

14 "Ni_BVH": ( 2.490,  0.000,  1.998) ref: 14 nref: 1 r_min: 1.100
z_par:	0.000 0.000 0.000 0.000 0.000 0.000 0.000 0.000 0.000 0.000 0.000 0.000 0.000 0.000 1.000 0.000 0.000 0.000 0.000 0.000 

15 "Ni_BVH": (-2.490,  0.000,  2.019) ref: 15 nref: 1 r_min: 1.100
z_par:	0.000 0.000 0.000 0.000 0.000 0.000 0.000 0.000 0.000 0.000 0.000 0.000 0.000 0.000 0.000 1.000 0.000 0.000 0.000 0.000 

16 "Ni_BVH": ( 1.245,  2.156,  2.030) ref: 16 nref: 1 r_min: 1.100
z_par:	0.000 0.000 0.000 0.000 0.000 0.000 0.000 0.000 0.000 0.000 0.000 0.000 0.000 0.000 0.000 0.000 1.000 0.000 0.000 0.000 

17 "Ni_BVH": (-1.245,  2.156,  2.014) ref: 17 nref: 1 r_min: 1.100
z_par:	0.000 0.000 0.000 0.000 0.000 0.000 0.000 0.000 0.000 0.000 0.000 0.000 0.000 0.000 0.000 0.000 0.000 1.000 0.000 0.000 

18 "Ni_BVH": ( 1.245, -2.156,  2.058) ref: 18 nref: 1 r_min: 1.100
z_par:	0.000 0.000 0.000 0.000 0.000 0.000 0.000 0.000 0.000 0.000 0.000 0.000 0.000 0.000 0.000 0.000 0.000 0.000 1.000 0.000 

19 "Ni_BVH": (-1.245, -2.156,  2.027) ref: 19 nref: 1 r_min: 1.100
z_par:	0.000 0.000 0.000 0.000 0.000 0.000 0.000 0.000 0.000 0.000 0.000 0.000 0.000 0.000 0.000 0.000 0.000 0.000 0.000 1.000 

=> SIMPLEX SEARCH:

=> Set up vertex:
#  1 par: 0.000 0.000 0.000 0.000 0.000 0.000 0.000 0.000 0.000 0.000 0.000 0.000 0.000 0.000 0.000 0.000 0.000 0.000 0.000 0.000 rf:0.3457 sh: -1.8 rg:0.0000 rt:0.3457  dt: Thu Sep  6 16:28:06 2001
#  2 par: 0.100 0.000 0.000 0.000 0.000 0.000 0.000 0.000 0.000 0.000 0.000 0.000 0.000 0.000 0.000 0.000 0.000 0.000 0.000 0.000 rf:0.3918 sh: -1.5 rg:0.0000 rt:0.3918  dt: Thu Sep  6 16:58:34 2001
#  3 par: 0.000 0.100 0.000 0.000 0.000 0.000 0.000 0.000 0.000 0.000 0.000 0.000 0.000 0.000 0.000 0.000 0.000 0.000 0.000 0.000 rf:0.3864 sh: -1.8 rg:0.0000 rt:0.3864  dt: Thu Sep  6 17:29:05 2001
#  4 par: 0.000 0.000 0.100 0.000 0.000 0.000 0.000 0.000 0.000 0.000 0.000 0.000 0.000 0.000 0.000 0.000 0.000 0.000 0.000 0.000 rf:0.3695 sh: -1.5 rg:0.0000 rt:0.3695  dt: Thu Sep  6 17:59:33 2001
#  5 par: 0.000 0.000 0.000 0.100 0.000 0.000 0.000 0.000 0.000 0.000 0.000 0.000 0.000 0.000 0.000 0.000 0.000 0.000 0.000 0.000 rf:0.3968 sh: -1.5 rg:0.0000 rt:0.3968  dt: Thu Sep  6 18:30:06 2001
#  6 par: 0.000 0.000 0.000 0.000 0.100 0.000 0.000 0.000 0.000 0.000 0.000 0.000 0.000 0.000 0.000 0.000 0.000 0.000 0.000 0.000 rf:0.3822 sh: -1.8 rg:0.0000 rt:0.3822  dt: Thu Sep  6 19:00:31 2001
#  7 par: 0.000 0.000 0.000 0.000 0.000 0.100 0.000 0.000 0.000 0.000 0.000 0.000 0.000 0.000 0.000 0.000 0.000 0.000 0.000 0.000 rf:0.4073 sh: -1.5 rg:0.0000 rt:0.4073  dt: Thu Sep  6 19:31:04 2001
#  8 par: 0.000 0.000 0.000 0.000 0.000 0.000 0.100 0.000 0.000 0.000 0.000 0.000 0.000 0.000 0.000 0.000 0.000 0.000 0.000 0.000 rf:0.4444 sh: -1.2 rg:0.0000 rt:0.4444  dt: Thu Sep  6 20:02:19 2001
#  9 par: 0.000 0.000 0.000 0.000 0.000 0.000 0.000 0.100 0.000 0.000 0.000 0.000 0.000 0.000 0.000 0.000 0.000 0.000 0.000 0.000 rf:0.3873 sh: -1.8 rg:0.0000 rt:0.3873  dt: Thu Sep  6 20:32:54 2001
# 10 par: 0.000 0.000 0.000 0.000 0.000 0.000 0.000 0.000 0.100 0.000 0.000 0.000 0.000 0.000 0.000 0.000 0.000 0.000 0.000 0.000 rf:0.4114 sh: -1.5 rg:0.0000 rt:0.4114  dt: Thu Sep  6 21:04:05 2001
# 11 par: 0.000 0.000 0.000 0.000 0.000 0.000 0.000 0.000 0.000 0.100 0.000 0.000 0.000 0.000 0.000 0.000 0.000 0.000 0.000 0.000 rf:0.3912 sh: -1.5 rg:0.0000 rt:0.3912  dt: Thu Sep  6 21:34:44 2001
# 12 par: 0.000 0.000 0.000 0.000 0.000 0.000 0.000 0.000 0.000 0.000 0.100 0.000 0.000 0.000 0.000 0.000 0.000 0.000 0.000 0.000 rf:0.4001 sh: -1.2 rg:0.0000 rt:0.4001  dt: Thu Sep  6 22:05:17 2001
# 13 par: 0.000 0.000 0.000 0.000 0.000 0.000 0.000 0.000 0.000 0.000 0.000 0.100 0.000 0.000 0.000 0.000 0.000 0.000 0.000 0.000 rf:0.4519 sh: -1.8 rg:0.0000 rt:0.4519  dt: Thu Sep  6 22:35:49 2001
# 14 par: 0.000 0.000 0.000 0.000 0.000 0.000 0.000 0.000 0.000 0.000 0.000 0.000 0.100 0.000 0.000 0.000 0.000 0.000 0.000 0.000 rf:0.5115 sh: -1.2 rg:0.0000 rt:0.5115  dt: Thu Sep  6 23:06:22 2001
# 15 par: 0.000 0.000 0.000 0.000 0.000 0.000 0.000 0.000 0.000 0.000 0.000 0.000 0.000 0.100 0.000 0.000 0.000 0.000 0.000 0.000 rf:0.3763 sh: -2.0 rg:0.0000 rt:0.3763  dt: Thu Sep  6 23:37:32 2001
# 16 par: 0.000 0.000 0.000 0.000 0.000 0.000 0.000 0.000 0.000 0.000 0.000 0.000 0.000 0.000 0.100 0.000 0.000 0.000 0.000 0.000 rf:0.4285 sh: -1.8 rg:0.0000 rt:0.4285  dt: Fri Sep  7 00:08:12 2001
# 17 par: 0.000 0.000 0.000 0.000 0.000 0.000 0.000 0.000 0.000 0.000 0.000 0.000 0.000 0.000 0.000 0.100 0.000 0.000 0.000 0.000 rf:0.4073 sh: -2.0 rg:0.0000 rt:0.4073  dt: Fri Sep  7 00:38:58 2001
# 18 par: 0.000 0.000 0.000 0.000 0.000 0.000 0.000 0.000 0.000 0.000 0.000 0.000 0.000 0.000 0.000 0.000 0.100 0.000 0.000 0.000 rf:0.3993 sh: -2.0 rg:0.0000 rt:0.3993  dt: Fri Sep  7 01:09:49 2001
# 19 par: 0.000 0.000 0.000 0.000 0.000 0.000 0.000 0.000 0.000 0.000 0.000 0.000 0.000 0.000 0.000 0.000 0.000 0.100 0.000 0.000 rf:0.3754 sh: -2.0 rg:0.0000 rt:0.3754  dt: Fri Sep  7 01:40:44 2001
# 20 par: 0.000 0.000 0.000 0.000 0.000 0.000 0.000 0.000 0.000 0.000 0.000 0.000 0.000 0.000 0.000 0.000 0.000 0.000 0.100 0.000 rf:0.4088 sh: -2.0 rg:0.0000 rt:0.4088  dt: Fri Sep  7 02:11:55 2001
# 21 par: 0.000 0.000 0.000 0.000 0.000 0.000 0.000 0.000 0.000 0.000 0.000 0.000 0.000 0.000 0.000 0.000 0.000 0.000 0.000 0.100 rf:0.3934 sh: -1.5 rg:0.0000 rt:0.3934  dt: Fri Sep  7 02:43:06 2001
=> Start search (abs. tolerance = 5.000e-04)
# 22 par: 0.010 0.010 0.010 0.010 0.010 0.010 0.010 0.010 0.010 0.010 0.010 0.010 -0.100 0.010 0.010 0.010 0.010 0.010 0.010 0.010 rf:0.4965 sh: -2.0 rg:0.0000 rt:0.4965  dt: Fri Sep  7 03:14:17 2001
# 23 par: 0.008 0.008 0.008 0.008 0.008 0.008 0.008 0.008 0.008 0.008 0.008 0.008 -0.050 0.008 0.008 0.008 0.008 0.008 0.008 0.008 rf:0.3932 sh: -2.0 rg:0.0000 rt:0.3932  dt: Fri Sep  7 03:45:09 2001
# 24 par: 0.011 0.011 0.011 0.011 0.011 0.011 0.011 0.011 0.011 0.011 0.011 -0.099 -0.005 0.011 0.011 0.011 0.011 0.011 0.011 0.011 rf:0.4735 sh: -1.8 rg:0.0000 rt:0.4735  dt: Fri Sep  7 04:16:00 2001
# 25 par: 0.003 0.003 0.003 0.003 0.003 0.003 0.003 0.003 0.003 0.003 0.003 0.050 -0.001 0.003 0.003 0.003 0.003 0.003 0.003 0.003 rf:0.3720 sh: -1.5 rg:0.0000 rt:0.3720  dt: Fri Sep  7 04:46:26 2001
# 26 par: 0.011 0.011 0.011 0.011 0.011 0.011 -0.099 0.011 0.011 0.011 0.011 0.006 -0.005 0.011 0.011 0.011 0.011 0.011 0.011 0.011 rf:0.4093 sh: -2.2 rg:0.0000 rt:0.4093  dt: Fri Sep  7 05:17:08 2001
# 27 par: 0.012 0.012 0.012 0.012 0.012 0.012 -0.009 0.012 0.012 0.012 0.012 0.006 -0.006 0.012 -0.098 0.012 0.012 0.012 0.012 0.012 rf:0.3946 sh: -1.5 rg:0.0000 rt:0.3946  dt: Fri Sep  7 05:47:49 2001
# 28 par: 0.013 0.013 0.013 0.013 0.013 0.013 -0.010 0.013 -0.097 0.013 0.013 0.007 -0.006 0.013 -0.008 0.013 0.013 0.013 0.013 0.013 rf:0.3740 sh: -2.0 rg:0.0000 rt:0.3740  dt: Fri Sep  7 06:18:29 2001
# 29 par: 0.003 0.003 0.003 0.003 0.003 0.003 0.098 0.003 -0.018 0.003 0.003 0.001 -0.001 0.003 -0.021 0.003 0.003 0.003 0.003 0.003 rf:0.4353 sh: -1.2 rg:0.0000 rt:0.4353  dt: Fri Sep  7 06:49:39 2001
# 30 par: 0.009 0.009 0.009 0.009 0.009 0.009 -0.050 0.009 0.004 0.009 0.009 0.005 -0.004 0.009 0.003 0.009 0.009 0.009 0.009 0.009 rf:0.3464 sh: -2.0 rg:0.0000 rt:0.3464  dt: Fri Sep  7 07:20:14 2001
# 31 par: 0.014 0.014 0.014 0.014 0.014 0.014 -0.006 0.014 -0.007 0.014 0.014 0.008 -0.007 0.014 -0.009 0.014 0.014 0.014 -0.096 0.014 rf:0.4442 sh: -1.2 rg:0.0000 rt:0.4442  dt: Fri Sep  7 07:50:40 2001
# 32 par: 0.004 0.004 0.004 0.004 0.004 0.004 -0.001 0.004 -0.002 0.004 0.004 0.002 -0.002 0.004 -0.002 0.004 0.004 0.004 0.051 0.004 rf:0.3542 sh: -1.8 rg:0.0000 rt:0.3542  dt: Fri Sep  7 08:21:20 2001
# 33 par: 0.015 0.015 0.015 0.015 0.015 -0.095 -0.006 0.015 -0.007 0.015 0.015 0.008 -0.007 0.015 -0.009 0.015 0.015 0.015 0.010 0.015 rf:0.3733 sh: -2.2 rg:0.0000 rt:0.3733  dt: Fri Sep  7 08:52:15 2001
# 34 par: 0.016 0.016 0.016 0.016 0.016 -0.005 -0.007 0.016 -0.008 0.016 0.016 0.009 -0.008 0.016 -0.010 -0.094 0.016 0.016 0.011 0.016 rf:0.4089 sh: -1.5 rg:0.0000 rt:0.4089  dt: Fri Sep  7 09:22:57 2001
# 35 par: 0.004 0.004 0.004 0.004 0.004 -0.001 -0.002 0.004 -0.002 0.004 0.004 0.002 -0.002 0.004 -0.003 0.052 0.004 0.004 0.003 0.004 rf:0.3577 sh: -2.0 rg:0.0000 rt:0.3577  dt: Fri Sep  7 09:53:30 2001
# 36 par: 0.017 0.017 0.017 0.017 0.017 -0.005 -0.007 0.017 -0.008 0.017 -0.093 0.009 -0.008 0.017 -0.011 0.011 0.017 0.017 0.011 0.017 rf:0.4332 sh: -2.0 rg:0.0000 rt:0.4332  dt: Fri Sep  7 10:23:40 2001
# 37 par: 0.004 0.004 0.004 0.004 0.004 -0.001 -0.002 0.004 -0.002 0.004 0.052 0.002 -0.002 0.004 -0.003 0.003 0.004 0.004 0.003 0.004 rf:0.3555 sh: -1.5 rg:0.0000 rt:0.3555  dt: Fri Sep  7 10:54:04 2001
# 38 par: 0.017 0.017 0.017 0.017 0.017 -0.005 -0.007 0.017 -0.008 0.017 0.012 0.009 -0.008 0.017 -0.011 0.012 -0.093 0.017 0.011 0.017 rf:0.4086 sh: -1.5 rg:0.0000 rt:0.4086  dt: Fri Sep  7 11:23:44 2001
# 39 par: 0.004 0.004 0.004 0.004 0.004 -0.001 -0.002 0.004 -0.002 0.004 0.003 0.002 -0.002 0.004 -0.003 0.003 0.052 0.004 0.003 0.004 rf:0.3573 sh: -2.0 rg:0.0000 rt:0.3573  dt: Fri Sep  7 11:54:18 2001
# 40 par: 0.018 0.018 0.018 -0.092 0.018 -0.005 -0.007 0.018 -0.009 0.018 0.012 0.009 -0.008 0.018 -0.011 0.012 0.012 0.018 0.011 0.018 rf:0.3917 sh: -1.8 rg:0.0000 rt:0.3917  dt: Fri Sep  7 12:23:53 2001
# 41 par: 0.006 0.006 0.006 -0.015 0.006 -0.019 0.002 0.006 -0.023 0.006 0.000 0.003 -0.003 0.006 0.095 -0.000 0.000 0.006 -0.001 0.006 rf:0.4141 sh: -1.8 rg:0.0000 rt:0.4141  dt: Fri Sep  7 12:53:26 2001
# 42 par: 0.011 0.011 0.011 0.005 0.011 0.004 -0.006 0.011 0.003 0.011 0.009 0.006 -0.005 0.011 -0.050 0.009 0.009 0.011 0.009 0.011 rf:0.3545 sh: -1.5 rg:0.0000 rt:0.3545  dt: Fri Sep  7 13:24:01 2001
# 43 par: 0.019 0.019 0.019 -0.002 0.019 -0.006 -0.007 0.019 -0.010 0.019 0.013 0.010 -0.009 0.019 -0.007 0.013 0.013 0.019 0.012 -0.091 rf:0.3703 sh: -1.8 rg:0.0000 rt:0.3703  dt: Fri Sep  7 13:54:43 2001
# 44 par: 0.013 0.013 0.013 -0.011 0.013 -0.015 -0.016 0.013 -0.020 0.013 0.006 0.003 0.045 0.013 -0.016 0.006 0.006 0.013 0.005 -0.008 rf:0.3909 sh: -1.5 rg:0.0000 rt:0.3909  dt: Fri Sep  7 14:33:05 2001
# 45 par: -0.088 0.022 0.022 -0.004 0.022 -0.009 -0.011 0.022 -0.014 0.022 0.014 0.011 -0.000 0.022 -0.011 0.014 0.014 0.022 0.013 -0.002 rf:0.3853 sh: -2.0 rg:0.0000 rt:0.3853  dt: Fri Sep  7 15:36:47 2001
# 46 par: -0.017 0.004 0.004 0.097 0.004 -0.005 -0.004 0.004 -0.006 0.004 0.002 0.002 0.009 0.004 0.001 0.002 0.002 0.004 0.002 -0.021 rf:0.3863 sh: -1.5 rg:0.0000 rt:0.3863  dt: Fri Sep  7 16:39:20 2001
# 47 par: -0.001 0.022 0.022 0.014 0.022 -0.010 -0.011 0.022 -0.015 -0.088 0.015 0.011 0.001 0.022 -0.011 0.015 0.015 0.022 0.013 -0.006 rf:0.4177 sh: -2.0 rg:0.0000 rt:0.4177  dt: Fri Sep  7 17:41:54 2001
# 48 par: -0.000 0.006 0.006 0.004 0.006 -0.003 -0.003 0.006 -0.004 0.053 0.004 0.003 0.000 0.006 -0.003 0.004 0.004 0.006 0.003 -0.001 rf:0.3543 sh: -1.5 rg:0.0000 rt:0.3543  dt: Fri Sep  7 18:44:08 2001
# 49 par: -0.015 0.009 0.009 0.026 0.009 0.006 0.006 0.009 0.006 0.004 0.008 0.008 -0.048 0.009 0.007 0.008 0.008 0.009 0.008 0.003 rf:0.3954 sh: -2.0 rg:0.0000 rt:0.3954  dt: Fri Sep  7 19:47:37 2001
# 50 par: 0.006 0.012 0.012 -0.002 0.012 -0.010 -0.011 0.012 -0.013 0.011 0.007 0.004 0.022 0.012 -0.011 0.007 0.007 0.012 0.006 -0.005 rf:0.3482 sh: -1.8 rg:0.0000 rt:0.3482  dt: Fri Sep  7 20:47:55 2001
# 51 par: -0.001 0.023 0.023 0.015 0.023 -0.010 -0.011 -0.087 -0.015 0.018 0.015 0.011 -0.001 0.023 -0.010 0.015 0.015 0.023 0.014 -0.005 rf:0.3735 sh: -2.2 rg:0.0000 rt:0.3735  dt: Fri Sep  7 21:50:43 2001
# 52 par: -0.001 -0.085 0.025 0.017 0.025 -0.011 -0.012 0.004 -0.016 0.019 0.017 0.012 -0.001 0.025 -0.011 0.016 0.017 0.025 0.015 -0.006 rf:0.3592 sh: -2.0 rg:0.0000 rt:0.3592  dt: Fri Sep  7 22:54:34 2001
# 53 par: 0.017 0.002 0.023 -0.088 0.023 -0.007 -0.009 -0.000 -0.011 0.016 0.016 0.012 -0.011 0.023 -0.013 0.016 0.016 0.023 0.015 0.017 rf:0.3869 sh: -2.0 rg:0.0000 rt:0.3869  dt: Fri Sep  7 23:57:30 2001
# 54 par: -0.008 0.004 0.009 0.051 0.009 -0.005 -0.005 0.003 -0.007 0.007 0.006 0.004 0.004 0.009 -0.003 0.006 0.006 0.009 0.005 -0.012 rf:0.3434 sh: -1.8 rg:0.0000 rt:0.3434  dt: Sat Sep  8 00:59:59 2001
# 55 par: 0.096 -0.017 0.004 0.019 0.004 -0.002 -0.002 -0.019 -0.003 -0.002 0.003 0.002 -0.001 0.004 -0.001 0.003 0.003 0.004 0.003 -0.004 rf:0.3881 sh: -1.5 rg:0.0000 rt:0.3881  dt: Sat Sep  8 02:03:02 2001
# 56 par: -0.042 0.012 0.017 0.001 0.017 -0.007 -0.008 0.011 -0.011 0.016 0.011 0.008 -0.001 0.017 -0.008 0.011 0.012 0.017 0.011 -0.002 rf:0.3476 sh: -2.0 rg:0.0000 rt:0.3476  dt: Sat Sep  8 03:04:04 2001
# 57 par: 0.004 0.006 0.028 0.014 -0.082 -0.012 -0.013 0.003 -0.018 0.021 0.018 0.014 -0.002 0.028 -0.012 0.018 0.019 0.028 0.017 -0.006 rf:0.3591 sh: -2.2 rg:0.0000 rt:0.3591  dt: Sat Sep  8 04:07:50 2001
# 58 par: 0.004 0.006 0.031 0.016 0.010 -0.013 -0.015 0.004 -0.020 0.023 0.020 0.015 -0.002 -0.079 -0.014 0.020 0.020 0.031 0.019 -0.006 rf:0.3425 sh: -1.8 rg:0.0000 rt:0.3425  dt: Sat Sep  8 05:10:46 2001
# 59 par: 0.006 0.009 0.046 0.024 0.014 -0.019 -0.022 0.006 -0.030 0.035 0.030 0.023 -0.003 -0.169 -0.020 0.030 0.031 0.046 0.028 -0.009 rf:0.3862 sh: -1.5 rg:0.0000 rt:0.3862  dt: Sat Sep  8 06:13:26 2001
# 60 par: 0.005 0.007 0.034 0.018 0.010 -0.014 -0.016 0.004 -0.022 0.025 0.022 0.017 -0.002 0.013 -0.015 0.022 0.022 -0.076 0.020 -0.007 rf:0.3643 sh: -1.5 rg:0.0000 rt:0.3643  dt: Sat Sep  8 07:16:27 2001
# 61 par: -0.010 -0.007 0.022 0.005 -0.003 -0.030 -0.007 -0.010 0.082 0.013 0.010 0.011 0.005 -0.001 -0.008 0.009 0.010 0.001 0.008 -0.022 rf:0.3776 sh: -1.8 rg:0.0000 rt:0.3776  dt: Sat Sep  8 08:20:37 2001
# 62 par: 0.008 0.008 0.016 0.011 0.009 0.002 -0.009 0.007 -0.052 0.013 0.012 0.008 -0.003 0.010 -0.008 0.012 0.013 0.010 0.012 0.004 rf:0.3382 sh: -1.8 rg:0.0000 rt:0.3382  dt: Sat Sep  8 09:21:22 2001
# 63 par: 0.006 -0.018 0.012 0.002 -0.014 -0.006 -0.005 0.100 -0.003 0.009 0.008 0.006 -0.001 -0.012 -0.005 0.008 0.008 -0.010 0.007 -0.002 rf:0.3771 sh: -1.5 rg:0.0000 rt:0.3771  dt: Sat Sep  8 10:22:22 2001
# 64 par: 0.000 0.013 0.020 0.012 0.014 -0.009 -0.010 -0.040 -0.012 0.015 0.013 0.010 -0.001 0.014 -0.009 0.013 0.013 0.015 0.012 -0.005 rf:0.3448 sh: -2.0 rg:0.0000 rt:0.3448  dt: Sat Sep  8 11:25:03 2001
# 65 par: -0.012 -0.010 0.021 0.002 -0.006 0.088 -0.011 -0.008 -0.011 0.011 0.008 0.010 0.006 -0.004 -0.006 0.008 0.008 -0.001 0.012 -0.025 rf:0.3935 sh: -1.5 rg:0.0000 rt:0.3935  dt: Sat Sep  8 12:27:37 2001
# 66 par: 0.008 0.009 0.016 0.012 0.010 -0.049 -0.007 0.009 -0.008 0.014 0.013 0.008 -0.004 0.010 -0.009 0.013 0.013 0.011 0.010 0.005 rf:0.3367 sh: -2.0 rg:0.0000 rt:0.3367  dt: Sat Sep  8 13:28:15 2001
# 67 par: 0.001 0.002 0.034 0.015 0.007 -0.015 -0.021 0.005 -0.022 0.025 0.021 -0.037 -0.000 0.009 -0.019 0.021 0.021 0.011 0.019 -0.012 rf:0.3556 sh: -2.0 rg:0.0000 rt:0.3556  dt: Sat Sep  8 14:31:11 2001
# 68 par: -0.017 -0.016 0.019 0.022 -0.011 -0.007 -0.012 -0.013 -0.010 0.009 0.011 -0.002 0.008 -0.008 -0.010 0.011 0.012 -0.006 0.011 0.089 rf:0.3797 sh: -1.8 rg:0.0000 rt:0.3797  dt: Sat Sep  8 15:34:10 2001
# 69 par: 0.010 0.010 0.019 0.004 0.012 -0.006 -0.009 0.011 -0.010 0.017 0.013 0.007 -0.005 0.012 -0.008 0.013 0.013 0.013 0.012 -0.046 rf:0.3416 sh: -1.8 rg:0.0000 rt:0.3416  dt: Sat Sep  8 16:37:06 2001
# 70 par: 0.003 0.005 -0.070 0.020 0.009 -0.014 -0.020 0.008 -0.022 0.029 0.026 0.009 -0.001 0.012 -0.019 0.025 0.026 0.015 0.024 -0.006 rf:0.3710 sh: -1.8 rg:0.0000 rt:0.3710  dt: Sat Sep  8 17:40:08 2001
# 71 par: 0.001 0.001 0.058 0.005 0.002 -0.003 -0.005 0.002 -0.005 0.007 0.006 0.002 -0.000 0.003 -0.005 0.006 0.007 0.004 0.006 -0.002 rf:0.3359 sh: -1.5 rg:0.0000 rt:0.3359  dt: Sat Sep  8 18:40:46 2001
# 72 par: -0.002 -0.003 -0.001 0.002 -0.002 0.001 -0.003 0.003 0.002 0.002 0.002 -0.009 0.001 -0.001 -0.003 0.002 0.002 0.099 0.002 0.001 rf:0.3747 sh: -2.0 rg:0.0000 rt:0.3747  dt: Sat Sep  8 19:43:44 2001
# 73 par: 0.003 0.004 0.025 0.014 0.007 -0.010 -0.013 0.004 -0.016 0.020 0.017 0.010 -0.001 0.009 -0.012 0.017 0.017 -0.033 0.016 -0.005 rf:0.3413 sh: -1.5 rg:0.0000 rt:0.3413  dt: Sat Sep  8 20:46:43 2001
# 74 par: 0.004 0.098 0.007 0.002 -0.018 -0.002 -0.007 0.003 -0.004 0.008 0.008 -0.005 0.000 -0.016 -0.006 0.007 0.008 -0.008 0.007 0.000 rf:0.3743 sh: -1.8 rg:0.0000 rt:0.3743  dt: Sat Sep  8 21:49:44 2001
# 75 par: 0.000 -0.039 0.021 0.013 0.014 -0.009 -0.011 0.004 -0.013 0.017 0.014 0.008 -0.001 0.015 -0.010 0.014 0.015 0.017 0.013 -0.004 rf:0.3379 sh: -1.8 rg:0.0000 rt:0.3379  dt: Sat Sep  8 22:52:35 2001
# 76 par: -0.001 0.003 0.004 0.004 0.099 -0.001 -0.005 0.004 -0.002 0.006 0.005 -0.007 0.001 -0.019 -0.005 0.005 0.006 -0.012 0.005 0.000 rf:0.3743 sh: -1.5 rg:0.0000 rt:0.3743  dt: Sat Sep  8 23:54:56 2001
# 77 par: 0.003 0.005 0.022 0.012 -0.037 -0.009 -0.011 0.004 -0.014 0.017 0.015 0.009 -0.001 0.016 -0.011 0.015 0.015 0.018 0.014 -0.004 rf:0.3355 sh: -2.0 rg:0.0000 rt:0.3355  dt: Sun Sep  9 00:58:12 2001
# 78 par: -0.002 0.004 0.030 0.015 0.008 -0.012 -0.018 0.003 -0.019 0.024 0.021 0.005 0.001 0.005 -0.016 -0.032 0.021 0.013 0.021 -0.010 rf:0.3499 sh: -1.8 rg:0.0000 rt:0.3499  dt: Sun Sep  9 02:01:14 2001
# 79 par: -0.002 0.004 0.032 0.016 0.008 -0.013 -0.020 0.003 -0.020 0.026 0.024 0.006 0.002 0.005 -0.017 0.013 -0.030 0.014 0.022 -0.012 rf:0.3329 sh: -1.8 rg:0.0000 rt:0.3329  dt: Sun Sep  9 03:04:21 2001
# 80 par: -0.006 0.004 0.046 0.022 0.010 -0.019 -0.029 0.002 -0.029 0.037 0.034 0.007 0.003 0.006 -0.024 0.019 -0.070 0.019 0.032 -0.020 rf:0.3608 sh: -1.8 rg:0.0000 rt:0.3608  dt: Sun Sep  9 04:07:11 2001
# 81 par: 0.000 0.006 0.002 0.005 0.006 0.001 -0.001 0.002 -0.000 0.006 0.006 0.049 -0.000 -0.000 0.000 -0.005 -0.004 0.007 0.006 0.004 rf:0.3724 sh: -1.5 rg:0.0000 rt:0.3724  dt: Sun Sep  9 05:09:43 2001
# 82 par: 0.001 0.003 0.026 0.013 0.007 -0.011 -0.016 0.004 -0.017 0.020 0.017 -0.015 -0.000 0.007 -0.014 0.014 0.015 0.010 0.016 -0.008 rf:0.3374 sh: -1.8 rg:0.0000 rt:0.3374  dt: Sun Sep  9 06:12:41 2001
# 83 par: -0.003 0.004 0.034 0.017 0.009 -0.014 -0.021 0.003 -0.022 0.028 -0.028 0.008 0.002 0.005 -0.018 0.014 0.014 0.015 0.024 -0.013 rf:0.3448 sh: -2.0 rg:0.0000 rt:0.3448  dt: Sun Sep  9 07:15:43 2001
# 84 par: -0.011 -0.003 0.030 0.017 0.002 -0.021 -0.018 -0.004 -0.030 0.024 0.011 0.005 0.006 -0.002 0.032 0.008 0.010 0.009 0.019 -0.022 rf:0.3446 sh: -2.0 rg:0.0000 rt:0.3446  dt: Sun Sep  9 07:50:21 2001
# 85 par: -0.001 0.002 0.037 0.021 0.007 -0.016 -0.023 -0.000 -0.025 -0.022 0.017 0.008 0.001 0.003 -0.011 0.014 0.016 0.014 0.026 -0.012 rf:0.3478 sh: -2.0 rg:0.0000 rt:0.3478  dt: Sun Sep  9 08:20:55 2001
# 86 par: -0.005 0.003 0.043 0.022 0.009 -0.024 -0.026 0.001 -0.029 0.025 0.018 0.010 0.003 0.004 -0.012 0.015 0.017 0.017 -0.024 -0.019 rf:0.3495 sh: -1.8 rg:0.0000 rt:0.3495  dt: Sun Sep  9 08:50:01 2001
# 87 par: -0.000 0.002 0.018 0.011 0.005 -0.010 -0.011 0.001 -0.013 0.004 0.001 0.007 0.000 0.003 0.001 0.055 -0.001 0.008 0.002 -0.005 rf:0.3529 sh: -2.0 rg:0.0000 rt:0.3529  dt: Sun Sep  9 09:19:44 2001
# 88 par: -0.001 0.004 0.027 0.014 0.007 -0.012 -0.016 0.003 -0.017 0.019 0.016 0.006 0.001 0.005 -0.011 -0.010 0.016 0.012 0.016 -0.009 rf:0.3328 sh: -1.8 rg:0.0000 rt:0.3328  dt: Sun Sep  9 09:50:13 2001
# 89 par: 0.004 0.004 0.003 0.004 0.004 0.004 -0.001 0.004 -0.002 0.003 0.003 0.002 -0.002 0.004 -0.002 0.006 0.003 0.003 0.051 0.004 rf:0.3540 sh: -1.8 rg:0.0000 rt:0.3540  dt: Sun Sep  9 10:20:55 2001
# 90 par: -0.003 0.003 0.033 0.017 0.008 -0.017 -0.020 0.002 -0.022 0.019 0.014 0.008 0.002 0.004 -0.010 0.013 0.013 0.014 -0.005 -0.013 rf:0.3315 sh: -1.8 rg:0.0000 rt:0.3315  dt: Sun Sep  9 10:50:59 2001
# 91 par: -0.008 -0.006 0.036 0.029 0.001 -0.012 -0.018 -0.008 -0.019 0.018 0.015 0.008 -0.022 -0.005 -0.004 0.015 0.014 0.009 0.020 -0.010 rf:0.3394 sh: -2.0 rg:0.0000 rt:0.3394  dt: Sun Sep  9 11:21:42 2001
# 92 par: -0.002 0.004 0.011 0.008 0.005 -0.005 -0.005 0.003 -0.006 0.055 0.005 0.004 -0.004 0.004 -0.002 0.008 0.005 0.006 -0.001 -0.003 rf:0.3528 sh: -1.5 rg:0.0000 rt:0.3528  dt: Sun Sep  9 11:52:07 2001
# 93 par: -0.001 0.002 0.031 0.017 0.006 -0.013 -0.019 0.001 -0.020 -0.003 0.014 0.007 -0.000 0.003 -0.009 0.012 0.013 0.012 0.019 -0.010 rf:0.3296 sh: -2.0 rg:0.0000 rt:0.3296  dt: Sun Sep  9 12:22:32 2001
# 94 par: 0.043 -0.008 0.032 0.029 -0.007 -0.014 -0.021 -0.009 -0.021 0.016 0.011 0.003 -0.002 -0.012 -0.005 0.010 0.009 0.002 0.015 -0.014 rf:0.3356 sh: -1.8 rg:0.0000 rt:0.3356  dt: Sun Sep  9 12:53:11 2001
# 95 par: -0.005 -0.006 0.043 0.023 0.000 -0.033 0.023 -0.009 -0.038 0.023 0.014 0.007 0.001 -0.006 -0.017 0.013 0.012 0.010 0.018 -0.027 rf:0.3469 sh: -1.5 rg:0.0000 rt:0.3469  dt: Sun Sep  9 13:23:48 2001
# 96 par: 0.006 0.005 0.017 0.012 0.007 -0.002 -0.031 0.005 -0.007 0.012 0.010 0.005 -0.003 0.005 -0.002 0.010 0.010 0.009 0.011 -0.000 rf:0.3269 sh: -2.0 rg:0.0000 rt:0.3269  dt: Sun Sep  9 13:53:27 2001
# 97 par: 0.005 0.003 0.053 0.033 0.010 -0.024 -0.029 0.001 -0.035 0.033 0.023 0.012 -0.003 0.004 -0.014 0.023 0.022 0.020 0.028 -0.019 rf:0.3400 sh: -2.0 rg:0.0000 rt:0.3400  dt: Sun Sep  9 14:24:02 2001
# 98 par: 0.005 -0.010 0.036 0.023 -0.004 -0.017 -0.022 0.045 -0.026 0.020 0.011 0.003 -0.002 -0.012 -0.006 0.011 0.009 0.006 0.017 -0.015 rf:0.3432 sh: -1.8 rg:0.0000 rt:0.3432  dt: Sun Sep  9 14:54:43 2001
# 99 par: 0.009 -0.004 0.023 0.019 -0.001 -0.012 -0.010 0.006 -0.016 0.006 0.057 0.004 -0.006 -0.005 0.004 0.010 0.008 0.005 0.005 -0.007 rf:0.3511 sh: -1.5 rg:0.0000 rt:0.3511  dt: Sun Sep  9 15:25:15 2001
#100 par: 0.000 0.002 0.031 0.018 0.006 -0.013 -0.018 0.004 -0.020 0.023 -0.007 0.007 0.000 0.003 -0.012 0.013 0.012 0.012 0.019 -0.012 rf:0.3293 sh: -2.0 rg:0.0000 rt:0.3293  dt: Sun Sep  9 15:55:55 2001
#101 par: 0.018 0.004 0.027 0.019 0.006 -0.004 -0.013 0.014 -0.007 0.010 0.016 0.007 -0.010 0.003 -0.051 0.016 0.013 0.011 0.009 0.003 rf:0.3454 sh: -1.8 rg:0.0000 rt:0.3454  dt: Sun Sep  9 16:26:36 2001
#102 par: -0.004 -0.001 0.029 0.018 0.003 -0.017 -0.017 0.000 -0.024 0.020 0.012 0.006 0.002 -0.001 0.012 0.010 0.010 0.009 0.017 -0.016 rf:0.3305 sh: -1.8 rg:0.0000 rt:0.3305  dt: Sun Sep  9 16:57:08 2001
#103 par: 0.016 -0.003 0.050 -0.018 -0.001 -0.021 -0.027 0.006 -0.031 0.028 0.022 0.008 -0.008 -0.009 -0.014 0.019 0.017 0.011 0.024 -0.008 rf:0.3422 sh: -2.0 rg:0.0000 rt:0.3422  dt: Sun Sep  9 17:27:43 2001
#104 par: 0.004 0.012 0.024 0.005 0.013 -0.010 -0.012 -0.040 -0.014 0.016 0.017 0.010 -0.003 0.012 -0.012 0.015 0.014 0.015 0.013 -0.003 rf:0.3440 sh: -2.0 rg:0.0000 rt:0.3440  dt: Sun Sep  9 17:57:22 2001
#105 par: 0.005 -0.005 0.033 0.019 -0.000 -0.015 -0.019 0.024 -0.023 0.019 0.013 0.004 -0.002 -0.006 -0.007 0.012 0.010 0.008 0.016 -0.012 rf:0.3299 sh: -1.8 rg:0.0000 rt:0.3299  dt: Sun Sep  9 18:27:58 2001
#106 par: 0.004 -0.006 0.030 0.013 -0.002 -0.014 -0.019 0.004 -0.020 0.013 0.007 -0.003 -0.003 0.087 -0.003 0.005 0.002 -0.012 0.012 -0.013 rf:0.3514 sh: -2.0 rg:0.0000 rt:0.3514  dt: Sun Sep  9 18:59:09 2001
#107 par: 0.004 0.003 0.030 0.015 0.007 -0.013 -0.016 0.004 -0.020 0.020 0.017 0.010 -0.002 -0.038 -0.011 0.016 0.016 0.020 0.017 -0.008 rf:0.3292 sh: -1.8 rg:0.0000 rt:0.3292  dt: Sun Sep  9 19:29:50 2001
#108 par: -0.008 0.004 0.009 0.050 0.009 -0.005 -0.005 0.001 -0.007 0.007 0.005 0.004 0.004 0.014 -0.003 0.005 0.005 0.008 0.005 -0.011 rf:0.3447 sh: -1.8 rg:0.0000 rt:0.3447  dt: Sun Sep  9 20:00:12 2001
#109 par: 0.010 -0.001 0.040 -0.001 0.001 -0.017 -0.022 0.005 -0.025 0.023 0.018 0.007 -0.005 -0.003 -0.011 0.016 0.014 0.010 0.020 -0.009 rf:0.3306 sh: -2.0 rg:0.0000 rt:0.3306  dt: Sun Sep  9 20:30:47 2001
#110 par: -0.003 -0.011 0.042 0.028 -0.005 -0.021 -0.025 -0.004 -0.030 0.019 0.015 0.005 0.000 -0.009 -0.009 0.012 0.010 0.006 0.018 0.030 rf:0.3399 sh: -2.0 rg:0.0000 rt:0.3399  dt: Sun Sep  9 21:01:30 2001
#111 par: 0.004 -0.006 0.037 0.020 -0.002 -0.018 -0.022 0.002 -0.025 0.016 0.010 0.001 -0.003 -0.007 -0.005 0.007 0.004 0.055 0.015 -0.007 rf:0.3322 sh: -2.0 rg:0.0000 rt:0.3322  dt: Sun Sep  9 21:32:08 2001
#112 par: 0.002 -0.006 0.008 -0.002 -0.005 -0.004 -0.005 0.005 -0.005 0.001 0.003 -0.002 -0.001 -0.003 -0.001 -0.000 -0.002 0.006 0.001 0.007 rf:0.3377 sh: -1.8 rg:0.0000 rt:0.3377  dt: Sun Sep  9 22:02:36 2001
#113 par: 0.010 0.008 0.016 0.001 0.009 -0.005 -0.007 0.011 -0.008 0.013 0.010 0.005 -0.005 0.010 -0.006 0.009 0.009 0.020 0.009 -0.043 rf:0.3381 sh: -1.8 rg:0.0000 rt:0.3381  dt: Sun Sep  9 22:33:06 2001
#114 par: 0.018 0.005 0.019 -0.003 0.005 -0.014 -0.013 0.017 -0.018 0.013 0.009 0.001 0.020 0.007 -0.012 0.006 0.004 0.019 0.007 -0.006 rf:0.3437 sh: -1.8 rg:0.0000 rt:0.3437  dt: Sun Sep  9 23:03:34 2001
#115 par: -0.002 -0.003 0.032 0.021 0.002 -0.012 -0.017 -0.002 -0.018 0.017 0.014 0.006 -0.012 -0.002 -0.006 0.013 0.011 0.011 0.016 -0.009 rf:0.3282 sh: -2.0 rg:0.0000 rt:0.3282  dt: Sun Sep  9 23:34:10 2001
#116 par: 0.001 -0.010 0.041 0.016 -0.004 -0.029 -0.023 0.001 0.018 0.018 0.012 0.001 -0.000 -0.008 -0.007 0.008 0.006 0.017 0.015 -0.023 rf:0.3341 sh: -1.8 rg:0.0000 rt:0.3341  dt: Mon Sep 10 00:03:41 2001
#117 par: -0.003 -0.012 0.044 0.027 -0.006 -0.024 -0.027 -0.005 -0.023 0.019 0.015 0.004 0.001 -0.010 -0.009 0.011 0.009 0.007 0.018 0.028 rf:0.3388 sh: -1.8 rg:0.0000 rt:0.3388  dt: Mon Sep 10 00:34:23 2001
#118 par: 0.007 0.003 0.023 0.008 0.005 -0.010 -0.012 0.007 -0.012 0.014 0.011 0.005 -0.003 0.005 -0.007 0.010 0.009 0.017 0.011 -0.026 rf:0.3283 sh: -1.8 rg:0.0000 rt:0.3283  dt: Mon Sep 10 01:04:57 2001
#119 par: 0.008 0.040 0.039 0.015 -0.012 -0.021 -0.023 0.003 -0.017 0.015 0.010 0.000 -0.003 -0.016 -0.005 0.006 0.003 0.010 0.014 -0.014 rf:0.3273 sh: -1.8 rg:0.0000 rt:0.3273  dt: Mon Sep 10 01:35:33 2001
#120 par: 0.006 0.011 0.055 0.031 0.007 -0.027 -0.031 0.002 -0.027 0.033 0.022 0.011 -0.002 0.000 -0.014 0.021 0.019 0.021 0.027 -0.028 rf:0.3388 sh: -2.0 rg:0.0000 rt:0.3388  dt: Mon Sep 10 02:06:10 2001
#121 par: 0.003 -0.002 0.019 0.007 -0.002 -0.010 -0.011 0.004 -0.010 0.009 0.008 0.001 -0.002 -0.002 -0.004 0.005 0.004 0.010 0.008 -0.001 rf:0.3263 sh: -1.8 rg:0.0000 rt:0.3263  dt: Mon Sep 10 02:35:41 2001
#122 par: 0.008 0.001 0.036 0.016 -0.006 -0.020 -0.019 0.003 -0.015 0.012 0.007 0.026 -0.003 -0.010 0.000 0.006 0.002 0.017 0.012 -0.012 rf:0.3308 sh: -1.8 rg:0.0000 rt:0.3308  dt: Mon Sep 10 03:06:15 2001
#123 par: 0.000 -0.005 0.048 0.018 -0.010 0.022 -0.029 -0.003 -0.024 0.018 0.010 0.004 0.000 -0.016 -0.005 0.006 0.002 0.018 0.018 -0.026 rf:0.3398 sh: -1.8 rg:0.0000 rt:0.3398  dt: Mon Sep 10 03:36:55 2001
#124 par: 0.006 0.005 0.024 0.013 0.005 -0.032 -0.013 0.006 -0.012 0.015 0.012 0.007 -0.003 0.004 -0.008 0.011 0.010 0.012 0.012 -0.003 rf:0.3263 sh: -2.0 rg:0.0000 rt:0.3263  dt: Mon Sep 10 04:07:28 2001
#125 par: 0.008 0.003 0.003 0.025 -0.003 -0.027 -0.032 0.005 -0.027 0.026 0.018 0.010 -0.004 -0.009 -0.009 0.013 0.009 0.025 0.022 -0.020 rf:0.3371 sh: -2.0 rg:0.0000 rt:0.3371  dt: Mon Sep 10 04:37:06 2001
#126 par: 0.003 0.002 0.044 0.010 0.001 -0.009 -0.012 0.003 -0.011 0.012 0.009 0.004 -0.001 0.000 -0.006 0.008 0.007 0.009 0.010 -0.006 rf:0.3260 sh: -1.8 rg:0.0000 rt:0.3260  dt: Mon Sep 10 05:07:41 2001
#127 par: -0.038 0.013 0.030 -0.000 0.007 -0.016 -0.015 0.017 -0.011 0.017 0.013 0.009 -0.001 0.008 -0.008 0.009 0.007 0.027 0.012 -0.006 rf:0.3406 sh: -2.0 rg:0.0000 rt:0.3406  dt: Mon Sep 10 05:38:22 2001
#128 par: 0.023 -0.003 0.032 0.021 -0.003 -0.015 -0.019 -0.003 -0.018 0.016 0.011 0.005 -0.002 -0.007 -0.006 0.010 0.008 0.009 0.015 -0.012 rf:0.3261 sh: -1.8 rg:0.0000 rt:0.3261  dt: Mon Sep 10 06:07:57 2001
#129 par: 0.005 -0.000 0.041 0.017 0.041 -0.022 -0.026 0.004 -0.018 0.015 0.008 0.004 -0.003 -0.023 -0.003 0.004 -0.000 0.011 0.014 -0.017 rf:0.3258 sh: -1.8 rg:0.0000 rt:0.3258  dt: Mon Sep 10 06:38:39 2001
#130 par: 0.006 -0.003 0.051 0.020 0.080 -0.028 -0.033 0.004 -0.020 0.014 0.005 0.001 -0.004 -0.042 0.001 -0.002 -0.008 0.008 0.014 -0.024 rf:0.3426 sh: -1.8 rg:0.0000 rt:0.3426  dt: Mon Sep 10 07:08:15 2001
#131 par: 0.007 0.016 0.022 0.014 0.013 -0.001 -0.014 0.007 -0.054 0.014 0.011 0.011 -0.004 0.000 -0.005 0.010 0.009 0.011 0.013 0.002 rf:0.3352 sh: -1.8 rg:0.0000 rt:0.3352  dt: Mon Sep 10 07:37:50 2001
#132 par: 0.002 -0.004 0.036 0.015 -0.000 -0.022 -0.021 0.002 0.000 0.017 0.012 0.004 -0.001 -0.006 -0.007 0.009 0.006 0.016 0.014 -0.016 rf:0.3259 sh: -1.8 rg:0.0000 rt:0.3259  dt: Mon Sep 10 08:08:23 2001
#133 par: 0.010 0.000 0.032 0.013 -0.001 -0.018 -0.018 0.005 -0.013 0.005 -0.002 0.007 -0.006 -0.015 0.005 0.005 0.047 0.015 0.005 -0.009 rf:0.3429 sh: -2.0 rg:0.0000 rt:0.3429  dt: Mon Sep 10 08:38:57 2001
#134 par: 0.001 0.003 0.032 0.015 0.006 -0.014 -0.019 0.003 -0.019 0.021 0.017 0.006 -0.000 0.000 -0.011 0.011 -0.010 0.014 0.018 -0.011 rf:0.3242 sh: -1.8 rg:0.0000 rt:0.3242  dt: Mon Sep 10 09:09:38 2001
#135 par: 0.010 0.001 0.037 0.015 0.000 -0.020 -0.021 0.005 -0.016 0.012 0.006 0.007 -0.006 -0.014 -0.000 0.030 -0.000 0.017 0.011 -0.012 rf:0.3277 sh: -2.0 rg:0.0000 rt:0.3277  dt: Mon Sep 10 09:40:17 2001
#136 par: 0.005 0.011 0.027 0.009 0.009 -0.013 -0.015 0.006 -0.007 0.015 0.011 0.012 -0.002 -0.003 -0.006 0.015 0.011 -0.030 0.012 -0.015 rf:0.3389 sh: -1.5 rg:0.0000 rt:0.3389  dt: Mon Sep 10 10:10:53 2001
#137 par: 0.004 -0.002 0.035 0.017 0.001 -0.017 -0.020 0.003 -0.021 0.016 0.011 0.004 -0.003 -0.006 -0.005 0.009 0.006 0.034 0.014 -0.009 rf:0.3238 sh: -2.0 rg:0.0000 rt:0.3238  dt: Mon Sep 10 10:41:39 2001
#138 par: 0.013 0.001 0.031 0.011 -0.001 -0.014 -0.017 0.006 -0.010 0.011 0.007 0.005 -0.007 -0.016 -0.001 0.009 0.001 0.013 0.034 -0.009 rf:0.3302 sh: -2.0 rg:0.0000 rt:0.3302  dt: Mon Sep 10 11:12:18 2001
#139 par: 0.002 0.004 0.028 0.012 0.013 -0.011 -0.018 0.006 -0.018 0.018 0.014 -0.015 -0.002 -0.001 -0.011 0.017 0.012 0.009 0.019 -0.010 rf:0.3355 sh: -1.8 rg:0.0000 rt:0.3355  dt: Mon Sep 10 11:42:59 2001
#140 par: 0.006 0.002 0.034 0.015 -0.001 -0.018 -0.019 0.003 -0.015 0.014 0.009 0.016 -0.003 -0.008 -0.003 0.008 0.004 0.015 0.014 -0.011 rf:0.3238 sh: -1.8 rg:0.0000 rt:0.3238  dt: Mon Sep 10 12:12:38 2001
#141 par: -0.000 0.006 0.024 0.031 0.006 -0.014 -0.015 0.003 -0.006 0.007 0.003 0.004 -0.000 -0.009 0.001 0.006 -0.001 0.017 0.011 -0.013 rf:0.3273 sh: -1.8 rg:0.0000 rt:0.3273  dt: Mon Sep 10 12:43:12 2001
#142 par: 0.014 0.007 0.033 0.014 0.004 -0.013 -0.020 0.008 -0.005 0.008 0.007 0.006 -0.007 -0.013 -0.023 0.011 0.002 0.018 0.013 -0.005 rf:0.3252 sh: -1.8 rg:0.0000 rt:0.3252  dt: Mon Sep 10 13:12:49 2001
#143 par: -0.002 0.005 0.031 0.020 0.009 -0.016 -0.020 0.003 -0.019 0.017 0.013 0.006 0.002 0.003 -0.012 0.012 0.011 0.015 -0.006 -0.012 rf:0.3293 sh: -1.8 rg:0.0000 rt:0.3293  dt: Mon Sep 10 13:42:54 2001
#144 par: 0.005 0.012 0.029 0.013 0.009 -0.015 -0.018 -0.017 -0.006 0.009 0.007 0.007 -0.003 -0.006 -0.006 0.010 0.002 0.021 0.009 -0.009 rf:0.3254 sh: -2.0 rg:0.0000 rt:0.3254  dt: Mon Sep 10 14:13:27 2001
#145 par: 0.012 0.006 0.032 0.014 0.003 -0.017 -0.019 0.004 -0.007 0.032 0.005 0.004 -0.005 -0.016 -0.005 0.009 -0.002 0.018 0.005 -0.011 rf:0.3264 sh: -1.8 rg:0.0000 rt:0.3264  dt: Mon Sep 10 14:42:56 2001
#146 par: 0.014 0.004 0.031 0.010 -0.000 -0.014 -0.017 0.003 -0.007 0.014 0.005 0.005 -0.008 -0.018 -0.001 0.009 -0.002 0.015 0.032 -0.008 rf:0.3288 sh: -2.0 rg:0.0000 rt:0.3288  dt: Mon Sep 10 15:12:41 2001
#147 par: 0.013 0.006 0.031 0.012 0.001 -0.017 -0.019 0.001 -0.004 0.007 0.026 0.004 -0.007 -0.020 0.001 0.008 -0.004 0.018 0.008 -0.009 rf:0.3272 sh: -1.8 rg:0.0000 rt:0.3272  dt: Mon Sep 10 15:43:13 2001
#148 par: 0.010 0.006 0.032 0.014 0.001 -0.018 -0.021 0.001 -0.003 0.008 0.003 -0.000 -0.005 0.022 0.001 0.004 -0.010 0.010 0.009 -0.012 rf:0.3283 sh: -2.0 rg:0.0000 rt:0.3283  dt: Mon Sep 10 16:13:48 2001
#149 par: -0.001 0.006 0.032 0.020 0.008 -0.017 -0.020 0.002 -0.015 0.014 0.015 0.005 0.001 0.006 -0.010 0.010 0.007 0.015 -0.008 -0.012 rf:0.3282 sh: -1.8 rg:0.0000 rt:0.3282  dt: Mon Sep 10 16:43:52 2001
#150 par: 0.006 0.006 0.041 0.024 0.002 -0.023 -0.027 -0.003 -0.011 0.013 0.009 0.005 -0.004 -0.016 -0.004 0.009 -0.004 0.013 0.011 0.006 rf:0.3253 sh: -1.8 rg:0.0000 rt:0.3253  dt: Mon Sep 10 17:13:24 2001
#151 par: 0.003 0.004 0.032 0.018 0.007 -0.015 -0.018 0.003 -0.021 0.020 0.018 0.011 -0.001 -0.037 -0.012 0.016 0.015 0.019 0.013 -0.005 rf:0.3282 sh: -1.8 rg:0.0000 rt:0.3282  dt: Mon Sep 10 17:43:58 2001
#152 par: 0.004 0.004 0.032 0.017 0.005 -0.016 -0.019 0.002 -0.016 0.017 0.014 0.008 -0.002 -0.022 -0.009 0.013 0.009 0.017 0.012 -0.007 rf:0.3234 sh: -1.8 rg:0.0000 rt:0.3234  dt: Mon Sep 10 18:14:34 2001
#153 par: 0.015 0.013 0.033 0.011 0.006 -0.021 -0.022 0.006 -0.005 0.011 0.007 0.004 0.006 -0.015 -0.006 0.007 -0.006 0.019 0.005 -0.008 rf:0.3233 sh: -1.8 rg:0.0000 rt:0.3233  dt: Mon Sep 10 18:44:57 2001
#154 par: 0.023 0.021 0.033 0.006 0.009 -0.026 -0.025 0.010 0.002 0.008 0.004 0.003 0.015 -0.022 -0.006 0.004 -0.014 0.023 -0.001 -0.007 rf:0.3359 sh: -1.8 rg:0.0000 rt:0.3359  dt: Mon Sep 10 19:14:59 2001
#155 par: 0.015 0.005 0.033 0.011 0.000 -0.016 -0.019 0.002 -0.007 0.014 0.006 0.005 -0.006 -0.026 -0.001 0.009 -0.003 0.016 0.031 -0.004 rf:0.3290 sh: -1.8 rg:0.0000 rt:0.3290  dt: Mon Sep 10 19:45:34 2001
#156 par: 0.003 0.006 0.032 0.017 0.006 -0.017 -0.020 0.002 -0.013 0.014 0.012 0.005 -0.001 -0.002 -0.008 0.010 0.005 0.015 0.002 -0.010 rf:0.3226 sh: -1.8 rg:0.0000 rt:0.3226  dt: Mon Sep 10 20:14:58 2001
#157 par: 0.004 0.011 0.027 0.016 0.008 -0.014 -0.018 -0.001 -0.006 0.016 0.015 0.004 0.001 -0.004 -0.011 -0.013 0.005 0.014 0.011 -0.004 rf:0.3297 sh: -1.8 rg:0.0000 rt:0.3297  dt: Mon Sep 10 20:45:31 2001
#158 par: 0.008 0.003 0.035 0.015 0.002 -0.018 -0.020 0.004 -0.014 0.013 0.008 0.006 -0.004 -0.012 -0.003 0.019 0.001 0.016 0.011 -0.010 rf:0.3227 sh: -2.0 rg:0.0000 rt:0.3227  dt: Mon Sep 10 21:16:05 2001
#159 par: 0.006 -0.032 0.025 0.016 0.022 -0.012 -0.016 0.001 -0.005 0.012 0.011 0.011 -0.002 -0.001 -0.007 0.013 0.002 0.021 0.008 -0.003 rf:0.3334 sh: -1.8 rg:0.0000 rt:0.3334  dt: Mon Sep 10 21:45:41 2001
#160 par: 0.007 0.022 0.035 0.015 -0.003 -0.019 -0.021 0.003 -0.014 0.015 0.010 0.003 -0.003 -0.013 -0.005 0.008 0.003 0.013 0.012 -0.011 rf:0.3218 sh: -1.8 rg:0.0000 rt:0.3218  dt: Mon Sep 10 22:15:14 2001
#161 par: 0.015 0.003 0.041 -0.001 0.003 -0.020 -0.024 0.001 -0.017 0.022 0.019 0.007 -0.005 -0.009 -0.013 0.013 0.006 0.014 0.011 -0.004 rf:0.3263 sh: -1.8 rg:0.0000 rt:0.3263  dt: Mon Sep 10 22:44:52 2001
#162 par: 0.002 0.003 0.034 0.016 0.008 -0.016 -0.022 0.003 -0.020 0.023 -0.006 0.007 0.002 0.003 -0.014 0.012 0.010 0.012 0.014 -0.007 rf:0.3280 sh: -2.0 rg:0.0000 rt:0.3280  dt: Mon Sep 10 23:15:30 2001
#163 par: 0.010 0.005 0.032 0.013 0.003 -0.017 -0.019 0.002 -0.008 0.011 0.018 0.005 -0.005 -0.014 -0.003 0.009 -0.001 0.017 0.009 -0.008 rf:0.3226 sh: -1.8 rg:0.0000 rt:0.3226  dt: Mon Sep 10 23:46:04 2001
#164 par: 0.010 0.004 0.050 0.016 0.002 -0.034 -0.008 -0.001 -0.017 0.017 0.011 0.006 -0.002 -0.024 -0.012 0.009 -0.005 0.022 0.011 -0.016 rf:0.3249 sh: -1.8 rg:0.0000 rt:0.3249  dt: Tue Sep 11 00:16:38 2001
#165 par: 0.004 0.002 0.037 0.015 0.006 -0.020 -0.019 -0.001 -0.018 -0.003 0.017 0.007 0.000 -0.003 -0.010 0.011 0.007 0.014 0.017 -0.006 rf:0.3271 sh: -2.0 rg:0.0000 rt:0.3271  dt: Tue Sep 11 00:47:20 2001
#166 par: 0.010 0.005 0.033 0.014 0.003 -0.018 -0.019 0.003 -0.010 0.023 0.008 0.005 -0.004 -0.013 -0.006 0.009 0.000 0.017 0.008 -0.010 rf:0.3224 sh: -1.8 rg:0.0000 rt:0.3224  dt: Tue Sep 11 01:16:51 2001
#167 par: 0.009 0.004 0.046 0.015 0.004 -0.004 -0.026 -0.003 -0.013 0.014 0.009 0.004 -0.002 -0.025 -0.007 0.008 -0.007 0.019 0.010 -0.015 rf:0.3224 sh: -1.8 rg:0.0000 rt:0.3224  dt: Tue Sep 11 01:47:22 2001
#168 par: 0.013 0.011 0.053 0.023 0.011 -0.026 -0.029 -0.002 -0.015 0.021 0.014 0.010 -0.003 -0.021 -0.010 0.015 -0.001 0.023 0.014 -0.018 rf:0.3240 sh: -1.8 rg:0.0000 rt:0.3240  dt: Tue Sep 11 02:18:00 2001
#169 par: 0.001 0.007 0.033 0.033 0.007 -0.016 -0.016 0.001 -0.008 0.008 0.003 0.005 0.000 -0.016 -0.001 0.007 -0.004 0.020 0.012 -0.017 rf:0.3259 sh: -1.8 rg:0.0000 rt:0.3259  dt: Tue Sep 11 02:47:31 2001
#170 par: -0.009 0.014 0.043 0.012 0.014 -0.021 -0.021 0.005 -0.006 0.013 0.009 0.007 -0.002 -0.018 -0.008 0.009 -0.008 0.026 0.008 -0.009 rf:0.3243 sh: -1.8 rg:0.0000 rt:0.3243  dt: Tue Sep 11 03:17:02 2001
#171 par: 0.010 0.011 0.030 0.023 0.011 -0.028 -0.029 -0.000 -0.013 0.017 0.011 0.007 -0.003 -0.027 -0.008 0.012 -0.008 0.027 0.012 -0.015 rf:0.3252 sh: -2.0 rg:0.0000 rt:0.3252  dt: Tue Sep 11 03:47:36 2001
#172 par: 0.012 0.005 0.041 -0.001 0.006 -0.022 -0.026 0.001 -0.016 0.022 0.019 0.007 -0.005 -0.012 -0.014 0.013 0.003 0.018 0.010 -0.004 rf:0.3255 sh: -1.8 rg:0.0000 rt:0.3255  dt: Tue Sep 11 04:17:07 2001
#173 par: 0.012 0.017 0.038 0.015 0.013 -0.016 -0.022 0.000 -0.026 0.013 0.010 0.009 -0.004 -0.023 -0.008 0.012 -0.008 0.022 0.007 -0.003 rf:0.3226 sh: -1.8 rg:0.0000 rt:0.3226  dt: Tue Sep 11 04:47:39 2001
#174 par: 0.010 0.016 0.032 0.013 -0.030 -0.016 -0.017 -0.002 -0.008 0.015 0.014 0.009 -0.003 -0.007 -0.013 0.017 -0.002 0.027 0.007 -0.001 rf:0.3288 sh: -2.0 rg:0.0000 rt:0.3288  dt: Tue Sep 11 05:18:17 2001
#175 par: 0.006 0.004 0.039 0.016 0.023 -0.020 -0.023 0.002 -0.016 0.015 0.010 0.005 -0.003 -0.019 -0.005 0.007 -0.001 0.015 0.012 -0.013 rf:0.3216 sh: -1.8 rg:0.0000 rt:0.3216  dt: Tue Sep 11 05:46:52 2001
#176 par: 0.002 0.010 0.033 0.033 0.006 -0.015 -0.016 0.001 -0.011 0.008 0.003 0.006 -0.000 -0.017 -0.001 0.008 -0.005 0.021 0.011 -0.015 rf:0.3254 sh: -1.8 rg:0.0000 rt:0.3254  dt: Tue Sep 11 06:17:25 2001
#177 par: 0.005 0.009 0.035 0.025 0.006 -0.017 -0.018 0.001 -0.012 0.011 0.007 0.006 -0.001 -0.016 -0.004 0.009 -0.003 0.020 0.011 -0.012 rf:0.3215 sh: -1.8 rg:0.0000 rt:0.3215  dt: Tue Sep 11 06:47:57 2001
#178 par: 0.009 0.002 0.045 0.020 0.003 -0.022 -0.024 0.021 -0.021 0.021 0.015 0.006 -0.002 -0.024 -0.008 0.011 -0.005 0.017 0.012 -0.011 rf:0.3275 sh: -1.8 rg:0.0000 rt:0.3275  dt: Tue Sep 11 07:18:31 2001
#179 par: 0.006 0.010 0.033 0.015 0.007 -0.017 -0.020 -0.008 -0.010 0.012 0.009 0.007 -0.003 -0.011 -0.007 0.010 0.000 0.020 0.010 -0.009 rf:0.3213 sh: -1.8 rg:0.0000 rt:0.3213  dt: Tue Sep 11 07:49:02 2001
#180 par: 0.009 0.009 0.032 0.009 0.011 -0.014 -0.015 0.007 -0.015 0.017 0.012 0.007 -0.001 -0.014 -0.011 0.011 0.001 0.026 0.011 -0.028 rf:0.3252 sh: -1.8 rg:0.0000 rt:0.3252  dt: Tue Sep 11 08:19:37 2001
#181 par: 0.000 0.008 0.040 0.018 0.009 -0.024 -0.021 -0.005 -0.022 0.022 0.014 0.007 0.003 -0.018 0.009 0.009 -0.004 0.021 0.008 -0.018 rf:0.3256 sh: -1.8 rg:0.0000 rt:0.3256  dt: Tue Sep 11 08:49:57 2001
#182 par: 0.010 0.007 0.035 0.015 0.005 -0.016 -0.020 0.005 -0.010 0.012 0.009 0.006 -0.005 -0.014 -0.015 0.011 0.000 0.019 0.012 -0.009 rf:0.3215 sh: -1.8 rg:0.0000 rt:0.3215  dt: Tue Sep 11 09:19:34 2001
#183 par: 0.004 0.004 0.044 0.008 0.001 -0.008 -0.011 0.004 -0.015 0.013 0.010 0.005 -0.001 -0.002 -0.006 0.009 0.006 0.012 0.009 -0.008 rf:0.3257 sh: -1.8 rg:0.0000 rt:0.3257  dt: Tue Sep 11 09:50:02 2001
#184 par: 0.008 0.009 0.033 0.019 0.009 -0.023 -0.025 0.001 -0.013 0.016 0.011 0.007 -0.003 -0.021 -0.008 0.011 -0.004 0.023 0.011 -0.013 rf:0.3215 sh: -1.8 rg:0.0000 rt:0.3215  dt: Tue Sep 11 10:20:32 2001
#185 par: 0.005 0.006 0.041 0.023 0.002 -0.022 -0.026 -0.004 -0.012 0.013 0.009 0.005 -0.003 -0.016 -0.003 0.009 -0.004 0.012 0.010 0.006 rf:0.3251 sh: -1.8 rg:0.0000 rt:0.3251  dt: Tue Sep 11 10:51:07 2001
#186 par: 0.006 0.007 0.039 0.020 0.004 -0.020 -0.023 -0.001 -0.013 0.014 0.010 0.006 -0.003 -0.015 -0.005 0.010 -0.002 0.016 0.010 -0.002 rf:0.3215 sh: -1.8 rg:0.0000 rt:0.3215  dt: Tue Sep 11 11:20:38 2001
#187 par: 0.004 0.011 0.023 0.017 0.011 -0.002 -0.035 0.004 -0.009 0.012 0.010 0.007 -0.002 -0.005 -0.002 0.011 0.002 0.016 0.010 -0.004 rf:0.3246 sh: -2.0 rg:0.0000 rt:0.3246  dt: Tue Sep 11 11:50:08 2001
#188 par: 0.005 0.009 0.030 0.016 0.009 -0.010 -0.028 0.003 -0.011 0.013 0.010 0.007 -0.002 -0.010 -0.004 0.011 0.001 0.018 0.010 -0.007 rf:0.3213 sh: -1.8 rg:0.0000 rt:0.3213  dt: Tue Sep 11 12:20:43 2001
#189 par: 0.024 0.001 0.029 0.021 -0.002 -0.013 -0.023 -0.002 -0.022 0.017 0.012 0.006 -0.002 -0.010 -0.006 0.011 0.006 0.011 0.014 -0.011 rf:0.3249 sh: -1.8 rg:0.0000 rt:0.3249  dt: Tue Sep 11 12:51:21 2001
#190 par: -0.001 0.010 0.039 0.014 0.010 -0.019 -0.021 0.003 -0.010 0.014 0.010 0.007 -0.002 -0.016 -0.007 0.010 -0.004 0.022 0.009 -0.009 rf:0.3211 sh: -1.8 rg:0.0000 rt:0.3211  dt: Tue Sep 11 13:21:56 2001
#191 par: 0.014 0.012 0.040 0.017 0.006 -0.021 -0.024 -0.001 -0.008 0.008 0.003 0.007 -0.005 -0.030 -0.001 0.009 0.009 0.024 0.003 -0.008 rf:0.3251 sh: -1.8 rg:0.0000 rt:0.3251  dt: Tue Sep 11 13:52:30 2001
#192 par: 0.004 0.006 0.034 0.016 0.006 -0.016 -0.020 0.002 -0.016 0.018 0.014 0.006 -0.001 -0.007 -0.009 0.011 -0.005 0.017 0.014 -0.011 rf:0.3213 sh: -1.8 rg:0.0000 rt:0.3213  dt: Tue Sep 11 14:22:00 2001
#193 par: 0.001 0.004 0.017 0.009 0.001 -0.008 -0.014 0.006 -0.012 0.007 0.006 0.002 -0.002 -0.007 -0.003 0.006 -0.000 0.015 0.006 -0.001 rf:0.3252 sh: -1.8 rg:0.0000 rt:0.3252  dt: Tue Sep 11 14:51:29 2001
#194 par: 0.010 0.009 0.044 0.019 0.009 -0.021 -0.025 -0.000 -0.014 0.018 0.012 0.008 -0.003 -0.018 -0.008 0.012 -0.001 0.021 0.012 -0.014 rf:0.3212 sh: -1.8 rg:0.0000 rt:0.3212  dt: Tue Sep 11 15:22:03 2001
#195 par: 0.010 0.018 0.036 0.015 0.012 -0.017 -0.023 -0.000 -0.005 0.013 0.010 0.009 -0.002 -0.023 -0.008 0.011 -0.008 0.002 0.006 -0.010 rf:0.3237 sh: -1.8 rg:0.0000 rt:0.3237  dt: Tue Sep 11 15:52:36 2001
#196 par: 0.009 0.016 0.037 0.017 0.015 -0.017 -0.025 -0.001 -0.009 0.015 0.012 -0.003 -0.001 -0.023 -0.011 0.012 -0.007 0.019 0.006 -0.008 rf:0.3213 sh: -1.8 rg:0.0000 rt:0.3213  dt: Tue Sep 11 16:23:09 2001
#197 par: 0.004 -0.000 0.035 0.017 0.003 -0.017 -0.021 0.003 -0.020 0.016 0.011 0.002 -0.003 -0.008 -0.006 0.010 0.005 0.034 0.013 -0.009 rf:0.3235 sh: -2.0 rg:0.0000 rt:0.3235  dt: Tue Sep 11 16:52:45 2001
#198 par: 0.006 0.004 0.035 0.017 0.005 -0.017 -0.021 0.002 -0.016 0.015 0.011 0.004 -0.002 -0.012 -0.006 0.010 0.002 0.026 0.012 -0.009 rf:0.3212 sh: -2.0 rg:0.0000 rt:0.3212  dt: Tue Sep 11 17:23:20 2001
#199 par: 0.011 0.013 0.040 0.016 0.009 -0.019 -0.026 0.000 -0.009 0.012 0.007 0.003 -0.002 -0.007 -0.005 0.008 -0.013 0.020 0.008 -0.012 rf:0.3216 sh: -1.8 rg:0.0000 rt:0.3216  dt: Tue Sep 11 17:53:38 2001
#200 par: -0.000 0.004 0.040 0.022 0.008 -0.013 -0.022 -0.004 -0.020 0.018 0.014 0.006 -0.012 -0.013 -0.008 0.013 0.001 0.019 0.015 -0.012 rf:0.3244 sh: -2.0 rg:0.0000 rt:0.3244  dt: Tue Sep 11 18:23:15 2001
#201 par: 0.011 0.011 0.034 0.014 0.007 -0.019 -0.022 0.003 -0.009 0.013 0.009 0.005 0.002 -0.015 -0.006 0.009 -0.004 0.019 0.007 -0.009 rf:0.3207 sh: -1.8 rg:0.0000 rt:0.3207  dt: Tue Sep 11 18:53:46 2001
#202 par: 0.007 0.015 0.038 0.018 0.013 -0.016 -0.024 -0.002 -0.011 0.016 0.013 0.004 -0.001 -0.017 -0.011 0.000 -0.006 0.022 0.008 -0.009 rf:0.3215 sh: -1.8 rg:0.0000 rt:0.3215  dt: Tue Sep 11 19:24:14 2001
#203 par: 0.012 0.014 0.041 0.015 0.010 -0.017 -0.025 -0.001 -0.012 0.015 0.009 0.005 -0.004 -0.029 -0.006 0.008 -0.011 0.023 0.019 -0.009 rf:0.3229 sh: -1.8 rg:0.0000 rt:0.3229  dt: Tue Sep 11 19:54:53 2001
#204 par: 0.005 0.008 0.034 0.017 0.007 -0.017 -0.021 0.001 -0.013 0.014 0.011 0.005 -0.002 -0.008 -0.007 0.010 0.001 0.017 0.006 -0.010 rf:0.3207 sh: -1.8 rg:0.0000 rt:0.3207  dt: Tue Sep 11 20:24:24 2001
#205 par: 0.005 0.014 0.041 0.020 0.013 -0.017 -0.026 -0.000 -0.017 0.018 0.002 0.005 0.000 -0.016 -0.011 0.010 -0.005 0.022 0.010 -0.011 rf:0.3210 sh: -1.8 rg:0.0000 rt:0.3210  dt: Tue Sep 11 20:54:56 2001
#206 par: 0.002 0.002 0.036 0.018 0.003 -0.018 -0.023 0.002 0.001 0.017 0.009 0.001 0.000 -0.007 -0.006 0.007 0.002 0.017 0.013 -0.017 rf:0.3241 sh: -1.8 rg:0.0000 rt:0.3241  dt: Tue Sep 11 21:24:28 2001
#207 par: 0.010 0.013 0.037 0.016 0.011 -0.017 -0.022 0.000 -0.019 0.014 0.010 0.007 -0.003 -0.019 -0.008 0.010 -0.005 0.021 0.009 -0.007 rf:0.3204 sh: -1.8 rg:0.0000 rt:0.3204  dt: Tue Sep 11 21:54:58 2001
#208 par: 0.005 0.017 0.027 0.019 0.013 -0.031 -0.019 0.005 -0.012 0.016 0.010 0.006 -0.002 -0.004 -0.008 0.011 0.001 0.019 0.010 -0.005 rf:0.3239 sh: -2.0 rg:0.0000 rt:0.3239  dt: Tue Sep 11 22:25:29 2001
#209 par: 0.008 0.007 0.041 0.016 0.006 -0.011 -0.024 -0.001 -0.013 0.015 0.010 0.004 -0.002 -0.020 -0.007 0.009 -0.005 0.019 0.010 -0.012 rf:0.3204 sh: -1.8 rg:0.0000 rt:0.3204  dt: Tue Sep 11 22:56:03 2001
#210 par: 0.004 0.015 0.040 0.020 0.014 -0.017 -0.027 -0.002 -0.016 0.006 0.012 0.005 -0.000 -0.017 -0.009 0.009 -0.006 0.022 0.012 -0.010 rf:0.3214 sh: -1.8 rg:0.0000 rt:0.3214  dt: Tue Sep 11 23:26:35 2001
#211 par: 0.006 -0.002 0.038 0.019 0.022 -0.016 -0.025 -0.002 -0.011 0.013 0.010 0.007 -0.001 -0.017 -0.010 0.011 -0.010 0.027 0.008 -0.009 rf:0.3231 sh: -1.8 rg:0.0000 rt:0.3231  dt: Tue Sep 11 23:56:06 2001
#212 par: 0.007 0.016 0.036 0.016 0.003 -0.018 -0.022 0.002 -0.014 0.014 0.010 0.004 -0.002 -0.014 -0.007 0.009 -0.001 0.016 0.011 -0.010 rf:0.3203 sh: -1.8 rg:0.0000 rt:0.3203  dt: Wed Sep 12 00:26:40 2001
#213 par: 0.008 0.017 0.035 0.018 -0.006 -0.014 -0.023 -0.001 -0.010 0.013 0.010 0.005 -0.001 -0.011 -0.010 0.012 -0.006 0.025 0.008 -0.006 rf:0.3221 sh: -1.8 rg:0.0000 rt:0.3221  dt: Wed Sep 12 00:57:10 2001
#214 par: 0.006 0.007 0.038 0.017 0.016 -0.019 -0.023 0.001 -0.014 0.015 0.010 0.005 -0.002 -0.017 -0.007 0.008 -0.002 0.018 0.011 -0.011 rf:0.3204 sh: -1.8 rg:0.0000 rt:0.3204  dt: Wed Sep 12 01:26:40 2001
#215 par: 0.003 0.007 0.034 0.019 0.009 -0.016 -0.020 0.001 -0.017 0.017 0.013 0.008 -0.002 -0.023 -0.011 0.012 0.007 0.019 0.013 -0.007 rf:0.3225 sh: -1.8 rg:0.0000 rt:0.3225  dt: Wed Sep 12 01:57:14 2001
#216 par: 0.009 0.012 0.038 0.017 0.009 -0.018 -0.024 0.000 -0.011 0.013 0.008 0.004 -0.002 -0.011 -0.006 0.009 -0.008 0.020 0.009 -0.011 rf:0.3202 sh: -1.8 rg:0.0000 rt:0.3202  dt: Wed Sep 12 02:27:46 2001
#217 par: 0.009 0.012 0.039 0.009 0.011 -0.017 -0.028 0.000 -0.014 0.017 0.014 0.004 -0.003 -0.014 -0.012 0.010 -0.003 0.020 0.009 -0.007 rf:0.3206 sh: -1.8 rg:0.0000 rt:0.3206  dt: Wed Sep 12 02:58:18 2001
#218 par: 0.003 0.014 0.039 0.019 0.013 -0.018 -0.027 -0.004 -0.017 0.017 0.012 0.004 0.001 -0.016 -0.001 0.008 -0.007 0.021 0.008 -0.011 rf:0.3209 sh: -1.8 rg:0.0000 rt:0.3209  dt: Wed Sep 12 03:28:51 2001
#219 par: 0.005 0.012 0.041 0.014 0.010 -0.011 -0.023 -0.001 -0.013 0.013 0.010 0.003 -0.000 -0.008 -0.007 0.008 -0.003 0.016 0.008 -0.006 rf:0.3205 sh: -1.8 rg:0.0000 rt:0.3205  dt: Wed Sep 12 03:58:22 2001
#220 par: 0.006 0.006 0.038 0.015 0.006 -0.018 -0.023 0.002 -0.015 0.013 0.008 0.005 -0.002 -0.011 -0.004 0.019 -0.000 0.017 0.011 -0.009 rf:0.3218 sh: -2.0 rg:0.0000 rt:0.3218  dt: Wed Sep 12 04:28:57 2001
#221 par: 0.006 0.013 0.038 0.017 0.011 -0.016 -0.024 -0.001 -0.012 0.015 0.011 0.004 -0.001 -0.016 -0.009 0.005 -0.005 0.021 0.009 -0.009 rf:0.3202 sh: -1.8 rg:0.0000 rt:0.3202  dt: Wed Sep 12 04:59:29 2001
#222 par: 0.007 0.015 0.036 0.013 0.015 -0.013 -0.024 0.001 -0.014 0.015 0.011 0.004 -0.000 -0.013 -0.010 0.009 -0.004 0.024 0.009 -0.017 rf:0.3204 sh: -1.8 rg:0.0000 rt:0.3204  dt: Wed Sep 12 05:30:02 2001
#223 par: 0.009 0.007 0.034 0.012 0.006 -0.016 -0.020 0.002 -0.011 0.024 0.009 0.004 -0.003 -0.012 -0.006 0.010 -0.000 0.017 0.007 -0.010 rf:0.3221 sh: -1.8 rg:0.0000 rt:0.3221  dt: Wed Sep 12 06:00:34 2001
#224 par: 0.005 0.013 0.039 0.018 0.012 -0.017 -0.025 -0.001 -0.015 0.010 0.011 0.005 -0.001 -0.015 -0.008 0.009 -0.005 0.021 0.011 -0.010 rf:0.3201 sh: -1.8 rg:0.0000 rt:0.3201  dt: Wed Sep 12 06:31:08 2001
#225 par: 0.007 0.012 0.042 0.017 0.012 -0.016 -0.028 0.009 -0.017 0.018 0.012 0.002 -0.000 -0.018 -0.008 0.009 -0.007 0.020 0.009 -0.011 rf:0.3212 sh: -1.8 rg:0.0000 rt:0.3212  dt: Wed Sep 12 07:01:40 2001
#226 par: 0.009 0.017 0.042 0.016 0.014 -0.017 -0.028 -0.001 -0.011 0.012 0.007 0.003 -0.001 -0.023 -0.006 0.008 -0.002 0.023 0.005 -0.009 rf:0.3205 sh: -1.8 rg:0.0000 rt:0.3205  dt: Wed Sep 12 07:32:12 2001
#227 par: 0.005 0.007 0.039 0.015 0.005 -0.016 -0.024 0.003 -0.018 0.014 0.008 0.013 -0.001 -0.007 -0.004 0.006 0.001 0.021 0.012 -0.012 rf:0.3227 sh: -2.0 rg:0.0000 rt:0.3227  dt: Wed Sep 12 08:02:45 2001
#228 par: 0.008 0.014 0.038 0.017 0.013 -0.017 -0.024 0.000 -0.012 0.015 0.011 0.001 -0.001 -0.019 -0.009 0.011 -0.005 0.020 0.008 -0.009 rf:0.3200 sh: -1.8 rg:0.0000 rt:0.3200  dt: Wed Sep 12 08:32:16 2001
#229 par: 0.008 0.014 0.048 0.016 0.012 -0.024 -0.020 -0.001 -0.016 0.016 0.010 0.002 -0.000 -0.021 -0.011 0.008 -0.008 0.023 0.008 -0.013 rf:0.3209 sh: -1.8 rg:0.0000 rt:0.3209  dt: Wed Sep 12 09:02:47 2001
#230 par: 0.007 0.011 0.036 0.015 0.008 -0.019 -0.020 -0.008 -0.010 0.012 0.008 0.006 -0.002 -0.013 -0.007 0.009 -0.000 0.021 0.009 -0.010 rf:0.3212 sh: -1.8 rg:0.0000 rt:0.3212  dt: Wed Sep 12 09:33:21 2001
