\BOOKMARK [0][-]{chapter.1}{Introduction}{}% 1
\BOOKMARK [0][-]{chapter.2}{Installing the phaseshifts package}{}% 2
\BOOKMARK [0][-]{chapter.3}{Contact}{}% 3
\BOOKMARK [0][-]{chapter.4}{Acknowledgements}{}% 4
\BOOKMARK [1][-]{section.4.1}{Thanks}{chapter.4}% 5
\BOOKMARK [0][-]{chapter.5}{Scripts}{}% 6
\BOOKMARK [1][-]{section.5.1}{phsh.py}{chapter.5}% 7
\BOOKMARK [0][-]{chapter.6}{phaseshifts API}{}% 8
\BOOKMARK [1][-]{section.6.1}{Package Contents}{chapter.6}% 9
\BOOKMARK [1][-]{section.6.2}{Subpackages}{chapter.6}% 10
\BOOKMARK [1][-]{section.6.3}{Submodules}{chapter.6}% 11
\BOOKMARK [0][-]{chapter.7}{Author list}{}% 12
\BOOKMARK [1][-]{section.7.1}{Get Involved}{chapter.7}% 13
\BOOKMARK [0][-]{chapter.8}{License}{}% 14
\BOOKMARK [0][-]{chapter.9}{APPENDIX I: Barbieri/Van Hove Phase Shift Package - A Brief User Guide}{}% 15
\BOOKMARK [1][-]{section.9.1}{Acknowledgement notice}{chapter.9}% 16
\BOOKMARK [1][-]{section.9.2}{Contact}{chapter.9}% 17
\BOOKMARK [1][-]{section.9.3}{Contents}{chapter.9}% 18
\BOOKMARK [1][-]{section.9.4}{Overview of the Programs}{chapter.9}% 19
\BOOKMARK [0][-]{chapter.10}{Indices and tables}{}% 20
\BOOKMARK [0][-]{section*.86}{Python Module Index}{}% 21
\BOOKMARK [0][-]{section*.87}{Index}{}% 22
