CSEARCH - version 0.1 (test version GH/29.12.95)

=> Atoms in search:

0 "C1_Benz_Ni": ( 0.724,  1.287,  4.033) ref: 0 nref: 3 r_min: 0.600
z_par:	1.000 0.000 0.000 0.000 0.000 

1 "C2_Benz_Ni": ( 1.513, -0.058,  4.042) ref: 1 nref: 3 r_min: 0.600
z_par:	0.000 1.000 0.000 0.000 0.000 

2 "C1_Benz_Ni": ( 0.753, -1.271,  4.033) ref: 0 nref: 2 r_min: 0.600
z_par:	1.000 0.000 0.000 0.000 0.000 

3 "C2_Benz_Ni": (-0.806, -1.281,  4.042) ref: 1 nref: 2 r_min: 0.600
z_par:	0.000 1.000 0.000 0.000 0.000 

4 "C1_Benz_Ni": (-1.477, -0.017,  4.033) ref: 0 nref: 1 r_min: 0.600
z_par:	1.000 0.000 0.000 0.000 0.000 

5 "C2_Benz_Ni": (-0.706,  1.339,  4.042) ref: 1 nref: 1 r_min: 0.600
z_par:	0.000 1.000 0.000 0.000 0.000 

6 "Ni_Benz_A1": ( 0.028, -1.472,  2.106) ref: 6 nref: 3 r_min: 1.100
z_par:	0.000 0.000 1.000 0.000 0.000 

7 "Ni_Benz_A1": ( 1.261,  0.760,  2.106) ref: 6 nref: 1 r_min: 1.100
z_par:	0.000 0.000 1.000 0.000 0.000 

8 "Ni_Benz_A1": (-1.289,  0.712,  2.106) ref: 6 nref: 2 r_min: 1.100
z_par:	0.000 0.000 1.000 0.000 0.000 

9 "Ni_Benz_A2": ( 0.018,  2.868,  1.999) ref: 9 nref: 3 r_min: 1.100
z_par:	0.000 0.000 0.000 1.000 0.000 

10 "Ni_Benz_A2": ( 2.475, -1.449,  1.999) ref: 9 nref: 2 r_min: 1.100
z_par:	0.000 0.000 0.000 1.000 0.000 

11 "Ni_Benz_A2": (-2.493, -1.419,  1.999) ref: 9 nref: 1 r_min: 1.100
z_par:	0.000 0.000 0.000 1.000 0.000 

12 "Ni_Benz_A3": (-2.490,  2.875,  1.953) ref: 12 nref: 0 r_min: 1.100
z_par:	0.000 0.000 0.000 0.000 1.000 

=> SIMPLEX SEARCH:

=> Set up vertex:
#  1 par: 0.000 0.000 0.000 0.000 0.000 rf:0.5453 sh: -2.0 rg:0.0000 rt:0.5453  dt: Thu Aug 30 16:44:04 2001
#  2 par: 0.100 0.000 0.000 0.000 0.000 rf:0.5601 sh: -1.0 rg:0.0000 rt:0.5601  dt: Thu Aug 30 16:51:08 2001
#  3 par: 0.000 0.100 0.000 0.000 0.000 rf:0.5557 sh: -0.8 rg:0.0000 rt:0.5557  dt: Thu Aug 30 17:01:12 2001
#  4 par: 0.000 0.000 0.100 0.000 0.000 rf:0.5860 sh: -1.2 rg:0.0000 rt:0.5860  dt: Thu Aug 30 17:15:41 2001
#  5 par: 0.000 0.000 0.000 0.100 0.000 rf:0.7340 sh: -0.8 rg:0.0000 rt:0.7340  dt: Thu Aug 30 17:30:08 2001
#  6 par: 0.000 0.000 0.000 0.000 0.100 rf:0.6183 sh: -1.0 rg:0.0000 rt:0.6183  dt: Thu Aug 30 17:44:34 2001
=> Start search (abs. tolerance = 5.000e-04)
#  7 par: 0.040 0.040 0.040 -0.100 0.040 rf:0.7199 sh: -2.8 rg:0.0000 rt:0.7199  dt: Thu Aug 30 17:59:00 2001
#  8 par: 0.030 0.030 0.030 -0.050 0.030 rf:0.5441 sh: -2.8 rg:0.0000 rt:0.5441  dt: Thu Aug 30 18:13:28 2001
#  9 par: 0.052 0.052 0.052 -0.020 -0.088 rf:0.6142 sh: -1.8 rg:0.0000 rt:0.6142  dt: Thu Aug 30 18:27:55 2001
# 10 par: 0.039 0.039 0.039 -0.015 -0.041 rf:0.5466 sh: -2.2 rg:0.0000 rt:0.5466  dt: Thu Aug 30 18:42:26 2001
# 11 par: 0.068 0.068 -0.072 -0.026 -0.004 rf:0.6271 sh: -1.2 rg:0.0000 rt:0.6271  dt: Thu Aug 30 18:56:55 2001
# 12 par: 0.017 0.017 0.057 -0.006 -0.001 rf:0.5520 sh: -1.8 rg:0.0000 rt:0.5520  dt: Thu Aug 30 19:11:20 2001
# 13 par: -0.066 0.074 0.050 -0.029 -0.005 rf:0.6003 sh: -1.8 rg:0.0000 rt:0.6003  dt: Thu Aug 30 19:25:52 2001
# 14 par: 0.059 0.019 0.013 -0.007 -0.001 rf:0.5165 sh: -1.8 rg:0.0000 rt:0.5165  dt: Thu Aug 30 19:40:20 2001
# 15 par: 0.058 -0.058 0.055 -0.031 -0.005 rf:0.6189 sh: -2.0 rg:0.0000 rt:0.6189  dt: Thu Aug 30 19:54:56 2001
# 16 par: 0.014 0.060 0.014 -0.008 -0.001 rf:0.5128 sh: -1.5 rg:0.0000 rt:0.5128  dt: Thu Aug 30 20:09:22 2001
# 17 par: 0.040 0.042 -0.019 -0.026 -0.004 rf:0.5096 sh: -2.0 rg:0.0000 rt:0.5096  dt: Thu Aug 30 20:23:49 2001
# 18 par: 0.051 0.055 -0.057 -0.035 -0.006 rf:0.5789 sh: -2.0 rg:0.0000 rt:0.5789  dt: Thu Aug 30 20:38:18 2001
# 19 par: 0.018 0.022 -0.024 -0.021 0.050 rf:0.5591 sh: -1.8 rg:0.0000 rt:0.5591  dt: Thu Aug 30 20:52:41 2001
# 20 par: 0.034 0.035 0.023 -0.017 -0.018 rf:0.5191 sh: -2.2 rg:0.0000 rt:0.5191  dt: Thu Aug 30 21:07:03 2001
# 21 par: 0.071 0.074 0.024 -0.043 0.002 rf:0.5547 sh: -1.8 rg:0.0000 rt:0.5547  dt: Thu Aug 30 21:21:24 2001
# 22 par: 0.018 0.019 0.006 -0.011 0.000 rf:0.5101 sh: -2.0 rg:0.0000 rt:0.5101  dt: Thu Aug 30 21:35:45 2001
# 23 par: 0.036 0.040 -0.015 0.023 -0.040 rf:0.5480 sh: -1.2 rg:0.0000 rt:0.5480  dt: Thu Aug 30 21:50:16 2001
# 24 par: 0.031 0.032 0.019 -0.032 0.013 rf:0.5234 sh: -2.5 rg:0.0000 rt:0.5234  dt: Thu Aug 30 22:04:45 2001
# 25 par: 0.034 0.037 -0.004 0.005 -0.022 rf:0.5211 sh: -1.5 rg:0.0000 rt:0.5211  dt: Thu Aug 30 22:19:09 2001
# 26 par: 0.034 0.036 0.002 -0.004 -0.014 rf:0.5089 sh: -1.8 rg:0.0000 rt:0.5089  dt: Thu Aug 30 22:33:39 2001
# 27 par: 0.032 0.036 -0.017 -0.006 0.010 rf:0.5087 sh: -1.5 rg:0.0000 rt:0.5087  dt: Thu Aug 30 22:48:00 2001
# 28 par: 0.031 0.036 -0.037 -0.000 0.024 rf:0.5430 sh: -1.2 rg:0.0000 rt:0.5430  dt: Thu Aug 30 23:02:20 2001
# 29 par: -0.004 0.059 -0.018 -0.015 -0.002 rf:0.5306 sh: -1.8 rg:0.0000 rt:0.5306  dt: Thu Aug 30 23:16:49 2001
# 30 par: 0.043 0.029 0.005 -0.009 -0.001 rf:0.5013 sh: -2.0 rg:0.0000 rt:0.5013  dt: Thu Aug 30 23:31:08 2001
# 31 par: 0.052 0.004 -0.023 -0.014 -0.002 rf:0.5307 sh: -2.2 rg:0.0000 rt:0.5307  dt: Thu Aug 30 23:45:28 2001
# 32 par: 0.024 0.046 0.005 -0.009 -0.002 rf:0.5025 sh: -1.8 rg:0.0000 rt:0.5025  dt: Thu Aug 30 23:59:58 2001
# 33 par: 0.051 0.057 -0.016 -0.011 -0.005 rf:0.5090 sh: -1.5 rg:0.0000 rt:0.5090  dt: Fri Aug 31 00:14:26 2001
# 34 par: 0.034 0.039 0.010 0.010 -0.000 rf:0.5181 sh: -1.2 rg:0.0000 rt:0.5181  dt: Fri Aug 31 00:29:06 2001
# 35 par: 0.038 0.042 -0.012 -0.017 -0.003 rf:0.5008 sh: -2.0 rg:0.0000 rt:0.5008  dt: Fri Aug 31 00:43:45 2001
# 36 par: 0.017 0.018 0.009 -0.007 0.001 rf:0.5131 sh: -2.0 rg:0.0000 rt:0.5131  dt: Fri Aug 31 00:58:08 2001
# 37 par: 0.043 0.047 -0.010 -0.010 -0.003 rf:0.5008 sh: -1.8 rg:0.0000 rt:0.5008  dt: Fri Aug 31 01:12:47 2001
# 38 par: 0.038 0.044 -0.013 -0.016 0.014 rf:0.5052 sh: -1.8 rg:0.0000 rt:0.5052  dt: Fri Aug 31 01:27:08 2001
# 39 par: 0.043 0.047 0.007 -0.019 -0.009 rf:0.5040 sh: -2.0 rg:0.0000 rt:0.5040  dt: Fri Aug 31 01:41:34 2001
# 40 par: 0.038 0.041 0.011 -0.010 -0.021 rf:0.5110 sh: -2.0 rg:0.0000 rt:0.5110  dt: Fri Aug 31 01:56:01 2001
# 41 par: 0.038 0.043 -0.007 -0.014 0.005 rf:0.4988 sh: -1.8 rg:0.0000 rt:0.4988  dt: Fri Aug 31 02:10:21 2001
# 42 par: 0.032 0.036 -0.015 -0.005 0.007 rf:0.5066 sh: -1.8 rg:0.0000 rt:0.5066  dt: Fri Aug 31 02:24:44 2001
# 43 par: 0.040 0.044 0.002 -0.015 -0.005 rf:0.4989 sh: -2.0 rg:0.0000 rt:0.4989  dt: Fri Aug 31 02:39:11 2001
# 44 par: 0.057 0.036 -0.013 -0.017 -0.002 rf:0.5065 sh: -2.0 rg:0.0000 rt:0.5065  dt: Fri Aug 31 02:53:36 2001
# 45 par: 0.032 0.044 0.000 -0.011 -0.002 rf:0.4985 sh: -1.8 rg:0.0000 rt:0.4985  dt: Fri Aug 31 03:07:56 2001
# 46 par: 0.033 0.059 -0.015 -0.018 -0.002 rf:0.5113 sh: -1.8 rg:0.0000 rt:0.5113  dt: Fri Aug 31 03:22:14 2001
# 47 par: 0.041 0.036 -0.000 -0.011 -0.002 rf:0.4979 sh: -2.0 rg:0.0000 rt:0.4979  dt: Fri Aug 31 03:36:34 2001
# 48 par: 0.039 0.044 0.005 -0.008 0.001 rf:0.4969 sh: -1.8 rg:0.0000 rt:0.4969  dt: Fri Aug 31 03:50:56 2001
# 49 par: 0.040 0.046 0.014 -0.004 0.003 rf:0.4997 sh: -1.5 rg:0.0000 rt:0.4997  dt: Fri Aug 31 04:05:14 2001
# 50 par: 0.033 0.037 0.010 -0.014 0.003 rf:0.5022 sh: -2.0 rg:0.0000 rt:0.5022  dt: Fri Aug 31 04:19:54 2001
# 51 par: 0.040 0.045 -0.005 -0.011 -0.002 rf:0.4983 sh: -1.8 rg:0.0000 rt:0.4983  dt: Fri Aug 31 04:34:14 2001
# 52 par: 0.036 0.041 -0.004 -0.007 0.005 rf:0.4989 sh: -1.8 rg:0.0000 rt:0.4989  dt: Fri Aug 31 04:48:34 2001
# 53 par: 0.039 0.043 0.000 -0.013 -0.002 rf:0.4976 sh: -1.8 rg:0.0000 rt:0.4976  dt: Fri Aug 31 05:02:55 2001
# 54 par: 0.038 0.042 0.007 -0.008 -0.008 rf:0.5013 sh: -1.8 rg:0.0000 rt:0.5013  dt: Fri Aug 31 05:17:24 2001
# 55 par: 0.038 0.043 -0.003 -0.013 0.002 rf:0.4973 sh: -1.8 rg:0.0000 rt:0.4973  dt: Fri Aug 31 05:31:44 2001
# 56 par: 0.047 0.041 -0.001 -0.011 0.000 rf:0.4974 sh: -1.8 rg:0.0000 rt:0.4974  dt: Fri Aug 31 05:46:04 2001
# 57 par: 0.041 0.038 0.005 -0.012 0.002 rf:0.4975 sh: -1.8 rg:0.0000 rt:0.4975  dt: Fri Aug 31 06:00:23 2001
# 58 par: 0.041 0.048 0.003 -0.012 0.003 rf:0.4966 sh: -1.8 rg:0.0000 rt:0.4966  dt: Fri Aug 31 06:14:45 2001
# 59 par: 0.041 0.053 0.004 -0.012 0.005 rf:0.4979 sh: -1.5 rg:0.0000 rt:0.4979  dt: Fri Aug 31 06:29:06 2001
# 60 par: 0.044 0.042 0.003 -0.009 0.005 rf:0.4960 sh: -1.8 rg:0.0000 rt:0.4960  dt: Fri Aug 31 06:43:25 2001
# 61 par: 0.046 0.042 0.005 -0.007 0.009 rf:0.4962 sh: -1.5 rg:0.0000 rt:0.4962  dt: Fri Aug 31 06:57:47 2001
# 62 par: 0.042 0.049 -0.003 -0.009 0.003 rf:0.4975 sh: -1.8 rg:0.0000 rt:0.4975  dt: Fri Aug 31 07:12:07 2001
# 63 par: 0.042 0.046 -0.001 -0.010 0.002 rf:0.4966 sh: -1.8 rg:0.0000 rt:0.4966  dt: Fri Aug 31 07:26:27 2001
# 64 par: 0.035 0.048 0.004 -0.009 0.005 rf:0.4975 sh: -1.8 rg:0.0000 rt:0.4975  dt: Fri Aug 31 07:40:50 2001
# 65 par: 0.044 0.043 0.000 -0.011 0.002 rf:0.4965 sh: -1.8 rg:0.0000 rt:0.4965  dt: Fri Aug 31 07:55:09 2001
# 66 par: 0.046 0.046 0.008 -0.007 0.003 rf:0.4964 sh: -1.5 rg:0.0000 rt:0.4964  dt: Fri Aug 31 08:09:29 2001
# 67 par: 0.047 0.046 -0.000 -0.011 0.005 rf:0.4967 sh: -1.8 rg:0.0000 rt:0.4967  dt: Fri Aug 31 08:23:49 2001
# 68 par: 0.045 0.045 0.001 -0.010 0.004 rf:0.4962 sh: -1.8 rg:0.0000 rt:0.4962  dt: Fri Aug 31 08:38:08 2001
# 69 par: 0.047 0.042 0.002 -0.007 0.004 rf:0.4967 sh: -1.8 rg:0.0000 rt:0.4967  dt: Fri Aug 31 08:52:30 2001
# 70 par: 0.043 0.046 0.002 -0.010 0.003 rf:0.4962 sh: -1.8 rg:0.0000 rt:0.4962  dt: Fri Aug 31 09:06:50 2001
# 71 par: 0.046 0.043 0.006 -0.009 0.004 rf:0.4965 sh: -1.8 rg:0.0000 rt:0.4965  dt: Fri Aug 31 09:21:10 2001
# 72 par: 0.046 0.046 0.008 -0.008 0.006 rf:0.4962 sh: -1.5 rg:0.0000 rt:0.4962  dt: Fri Aug 31 09:35:33 2001
# 73 par: 0.043 0.048 0.003 -0.009 0.004 rf:0.4961 sh: -1.5 rg:0.0000 rt:0.4961  dt: Fri Aug 31 09:49:52 2001
# 74 par: 0.042 0.045 -0.001 -0.011 0.006 rf:0.4965 sh: -1.8 rg:0.0000 rt:0.4965  dt: Fri Aug 31 10:04:14 2001
# 75 par: 0.045 0.046 0.006 -0.008 0.004 rf:0.4960 sh: -1.8 rg:0.0000 rt:0.4960  dt: Fri Aug 31 10:18:35 2001

=> No. of function evaluations in sr_amoeba:  69
=> Vertices and function values of final 3-d simplex:
  1: 0.0427  0.0477  0.0027 -0.0087  0.0044  0.4961
  2  0.0426  0.0461  0.0024 -0.0105  0.0029  0.4962
  3  0.0455  0.0464  0.0083 -0.0076  0.0063  0.4962
  4  0.0453  0.0454  0.0012 -0.0104  0.0040  0.4962
  5  0.0448  0.0460  0.0057 -0.0081  0.0038  0.4960
  6  0.0436  0.0422  0.0032 -0.0089  0.0052  0.4960

avg: 0.0441  0.0456  0.0039 -0.0090  0.0044  0.4961
